Copyright 1986-2022 Xilinx, Inc. All Rights Reserved.
------------------------------------------------------------------------------------
| Tool Version : Vivado v.2022.1 (lin64) Build 3526262 Mon Apr 18 15:47:01 MDT 2022
| Date         : Wed Nov  2 16:49:07 2022
| Host         : pop-os running 64-bit Pop!_OS 22.04 LTS
| Command      : upgrade_ip
| Device       : xc7z020clg400-1
------------------------------------------------------------------------------------

Upgrade Log for IP 'HDMI_bd_xlconstant_0_0'

1. Summary
----------

SUCCESS in the upgrade of HDMI_bd_xlconstant_0_0 (xilinx.com:ip:xlconstant:1.1) from (Rev. 5) to (Rev. 7)






Copyright 1986-2022 Xilinx, Inc. All Rights Reserved.
------------------------------------------------------------------------------------
| Tool Version : Vivado v.2022.1 (lin64) Build 3526262 Mon Apr 18 15:47:01 MDT 2022
| Date         : Wed Nov  2 16:49:07 2022
| Host         : pop-os running 64-bit Pop!_OS 22.04 LTS
| Command      : upgrade_ip
| Device       : xc7z020clg400-1
------------------------------------------------------------------------------------

Upgrade Log for IP 'HDMI_bd_clk_wiz_0_0'

1. Summary
----------

SUCCESS in the upgrade of HDMI_bd_clk_wiz_0_0 (xilinx.com:ip:clk_wiz:6.0) from (Rev. 1) to (Rev. 10)

