Copyright 1986-2022 Xilinx, Inc. All Rights Reserved.
--------------------------------------------------------------------------------------------------
| Tool Version : Vivado v.2022.1 (lin64) Build 3526262 Mon Apr 18 15:47:01 MDT 2022
| Date         : Sun Nov 13 17:29:14 2022
| Host         : pop-os running 64-bit Pop!_OS 22.04 LTS
| Command      : report_control_sets -verbose -file numero8_block_wrapper_control_sets_placed.rpt
| Design       : numero8_block_wrapper
| Device       : xc7z020
--------------------------------------------------------------------------------------------------

Control Set Information

Table of Contents
-----------------
1. Summary
2. Histogram
3. Flip-Flop Distribution
4. Detailed Control Set Information

1. Summary
----------

+----------------------------------------------------------+-------+
|                          Status                          | Count |
+----------------------------------------------------------+-------+
| Total control sets                                       |    44 |
|    Minimum number of control sets                        |    44 |
|    Addition due to synthesis replication                 |     0 |
|    Addition due to physical synthesis replication        |     0 |
| Unused register locations in slices containing registers |   143 |
+----------------------------------------------------------+-------+
* Control sets can be merged at opt_design using control_set_merge or merge_equivalent_drivers
** Run report_qor_suggestions for automated merging and remapping suggestions


2. Histogram
------------

+--------------------+-------+
|       Fanout       | Count |
+--------------------+-------+
| Total control sets |    44 |
| >= 0 to < 4        |     7 |
| >= 4 to < 6        |    14 |
| >= 6 to < 8        |     3 |
| >= 8 to < 10       |     5 |
| >= 10 to < 12      |     5 |
| >= 12 to < 14      |     1 |
| >= 14 to < 16      |     0 |
| >= 16              |     9 |
+--------------------+-------+
* Control sets can be remapped at either synth_design or opt_design


3. Flip-Flop Distribution
-------------------------

+--------------+-----------------------+------------------------+-----------------+--------------+
| Clock Enable | Synchronous Set/Reset | Asynchronous Set/Reset | Total Registers | Total Slices |
+--------------+-----------------------+------------------------+-----------------+--------------+
| No           | No                    | No                     |             301 |           94 |
| No           | No                    | Yes                    |              38 |           18 |
| No           | Yes                   | No                     |             111 |           44 |
| Yes          | No                    | No                     |              35 |           12 |
| Yes          | No                    | Yes                    |               0 |            0 |
| Yes          | Yes                   | No                     |             148 |           40 |
+--------------+-----------------------+------------------------+-----------------+--------------+


4. Detailed Control Set Information
-----------------------------------

+---------------------------------------------------------------+---------------------------------------------------------------------------------------------------------------------+-------------------------------------------------------------------------------------------------+------------------+----------------+--------------+
|                          Clock Signal                         |                                                    Enable Signal                                                    |                                         Set/Reset Signal                                        | Slice Load Count | Bel Load Count | Bels / Slice |
+---------------------------------------------------------------+---------------------------------------------------------------------------------------------------------------------+-------------------------------------------------------------------------------------------------+------------------+----------------+--------------+
|  numero8_block_i/clk_wiz_0/inst/clk_out1                      |                                                                                                                     | numero8_block_i/dvi2rgb_0/U0/TMDS_ClockingX/RdyLostReset/SyncAsyncx/oSyncStages[1]              |                1 |              1 |         1.00 |
|  numero8_block_i/clk_wiz_0/inst/clk_out1                      |                                                                                                                     | numero8_block_i/dvi2rgb_0/U0/TMDS_ClockingX/RdyLostReset/aRst_int                               |                1 |              2 |         2.00 |
|  numero8_block_i/dvi2rgb_0/U0/TMDS_ClockingX/PixelClkBuffer_0 |                                                                                                                     | numero8_block_i/dvi2rgb_0/U0/TMDS_ClockingX/in0                                                 |                1 |              2 |         2.00 |
|  numero8_block_i/clk_wiz_0/inst/clk_out1                      |                                                                                                                     | numero8_block_i/dvi2rgb_0/U0/TMDS_ClockingX/LockLostReset/SyncAsyncx/oSyncStages[1]             |                1 |              2 |         2.00 |
|  numero8_block_i/clk_wiz_0/inst/clk_out1                      |                                                                                                                     | reset_IBUF                                                                                      |                1 |              2 |         2.00 |
|  numero8_block_i/dvi2rgb_0/U0/GenerateBUFG.ResyncToBUFG_X/CLK |                                                                                                                     | reset_IBUF                                                                                      |                1 |              2 |         2.00 |
|  numero8_block_i/dvi2rgb_0/U0/GenerateBUFG.ResyncToBUFG_X/CLK |                                                                                                                     | numero8_block_i/rgb2dvi_0/U0/ClockGenInternal.ClockGenX/in0                                     |                1 |              2 |         2.00 |
|  numero8_block_i/clk_wiz_0/inst/clk_out1                      | numero8_block_i/dvi2rgb_0/U0/GenerateDDC.DDC_EEPROM/I2C_SlaveController/GlitchF_SCL/Filter.cntPeriods[3]_i_2__0_n_0 | numero8_block_i/dvi2rgb_0/U0/GenerateDDC.DDC_EEPROM/I2C_SlaveController/SyncSCL/SS[0]           |                1 |              4 |         4.00 |
|  numero8_block_i/clk_wiz_0/inst/clk_out1                      | numero8_block_i/dvi2rgb_0/U0/GenerateDDC.DDC_EEPROM/I2C_SlaveController/FSM_onehot_sState_reg[3]                    |                                                                                                 |                1 |              4 |         4.00 |
|  numero8_block_i/clk_wiz_0/inst/clk_out1                      | numero8_block_i/dvi2rgb_0/U0/GenerateDDC.DDC_EEPROM/I2C_SlaveController/GlitchF_SDA/Filter.cntPeriods[3]_i_2_n_0    | numero8_block_i/dvi2rgb_0/U0/GenerateDDC.DDC_EEPROM/I2C_SlaveController/SyncSDA/SS[0]           |                1 |              4 |         4.00 |
|  numero8_block_i/dvi2rgb_0/U0/GenerateBUFG.ResyncToBUFG_X/CLK |                                                                                                                     | numero8_block_i/rgb2dvi_0/U0/ClockGenInternal.ClockGenX/LockLostReset/SyncAsyncx/oSyncStages[1] |                1 |              4 |         4.00 |
|  numero8_block_i/dvi2rgb_0/U0/TMDS_ClockingX/PixelClkBuffer_0 | numero8_block_i/dvi2rgb_0/U0/DataDecoders[1].DecoderX/PhaseAlignX/pCenterTap[5]_i_1__0_n_0                          |                                                                                                 |                2 |              5 |         2.50 |
|  numero8_block_i/dvi2rgb_0/U0/TMDS_ClockingX/PixelClkBuffer_0 | numero8_block_i/dvi2rgb_0/U0/DataDecoders[1].DecoderX/PhaseAlignX/pEyeOpenEn                                        | numero8_block_i/dvi2rgb_0/U0/DataDecoders[1].DecoderX/PhaseAlignX/pEyeOpenRst                   |                1 |              5 |         5.00 |
|  numero8_block_i/dvi2rgb_0/U0/TMDS_ClockingX/PixelClkBuffer_0 | numero8_block_i/dvi2rgb_0/U0/DataDecoders[0].DecoderX/ChannelBondX/pRdEn                                            | numero8_block_i/dvi2rgb_0/U0/DataDecoders[1].DecoderX/PhaseAlignX/pAligned_reg_0                |                2 |              5 |         2.50 |
|  numero8_block_i/dvi2rgb_0/U0/TMDS_ClockingX/PixelClkBuffer_0 | numero8_block_i/dvi2rgb_0/U0/DataDecoders[0].DecoderX/PhaseAlignX/pEyeOpenEn                                        | numero8_block_i/dvi2rgb_0/U0/DataDecoders[0].DecoderX/PhaseAlignX/pEyeOpenRst                   |                1 |              5 |         5.00 |
|  numero8_block_i/dvi2rgb_0/U0/TMDS_ClockingX/PixelClkBuffer_0 | numero8_block_i/dvi2rgb_0/U0/DataDecoders[0].DecoderX/PhaseAlignX/pCenterTap[5]_i_1__1_n_0                          |                                                                                                 |                2 |              5 |         2.50 |
|  numero8_block_i/dvi2rgb_0/U0/TMDS_ClockingX/PixelClkBuffer_0 | numero8_block_i/dvi2rgb_0/U0/DataDecoders[2].DecoderX/PhaseAlignX/pEyeOpenEn                                        | numero8_block_i/dvi2rgb_0/U0/DataDecoders[2].DecoderX/PhaseAlignX/pEyeOpenRst                   |                2 |              5 |         2.50 |
|  numero8_block_i/dvi2rgb_0/U0/TMDS_ClockingX/PixelClkBuffer_0 | numero8_block_i/dvi2rgb_0/U0/DataDecoders[1].DecoderX/ChannelBondX/pRdEn                                            | numero8_block_i/dvi2rgb_0/U0/DataDecoders[1].DecoderX/PhaseAlignX/pAligned_reg_0                |                1 |              5 |         5.00 |
|  numero8_block_i/dvi2rgb_0/U0/TMDS_ClockingX/PixelClkBuffer_0 | numero8_block_i/dvi2rgb_0/U0/DataDecoders[2].DecoderX/PhaseAlignX/pCenterTap[5]_i_1_n_0                             |                                                                                                 |                2 |              5 |         2.50 |
|  numero8_block_i/dvi2rgb_0/U0/TMDS_ClockingX/PixelClkBuffer_0 | numero8_block_i/dvi2rgb_0/U0/DataDecoders[2].DecoderX/ChannelBondX/pRdEn                                            | numero8_block_i/dvi2rgb_0/U0/DataDecoders[1].DecoderX/PhaseAlignX/pAligned_reg_0                |                2 |              5 |         2.50 |
|  numero8_block_i/clk_wiz_0/inst/clk_out1                      | numero8_block_i/dvi2rgb_0/U0/TMDS_ClockingX/sel                                                                     | numero8_block_i/dvi2rgb_0/U0/TMDS_ClockingX/LockLostReset/SyncAsyncx/oSyncStages[1]             |                1 |              5 |         5.00 |
|  numero8_block_i/dvi2rgb_0/U0/TMDS_ClockingX/PixelClkBuffer_0 |                                                                                                                     | numero8_block_i/dvi2rgb_0/U0/DataDecoders[1].DecoderX/PhaseAlignX/pCtlTknRst                    |                3 |              7 |         2.33 |
|  numero8_block_i/dvi2rgb_0/U0/TMDS_ClockingX/PixelClkBuffer_0 |                                                                                                                     | numero8_block_i/dvi2rgb_0/U0/DataDecoders[0].DecoderX/PhaseAlignX/pCtlTknRst                    |                3 |              7 |         2.33 |
|  numero8_block_i/dvi2rgb_0/U0/TMDS_ClockingX/PixelClkBuffer_0 |                                                                                                                     | numero8_block_i/dvi2rgb_0/U0/DataDecoders[2].DecoderX/PhaseAlignX/pCtlTknRst                    |                3 |              7 |         2.33 |
|  numero8_block_i/clk_wiz_0/inst/clk_out1                      | numero8_block_i/dvi2rgb_0/U0/GenerateDDC.DDC_EEPROM/I2C_SlaveController/FSM_onehot_sState_reg[2]                    |                                                                                                 |                3 |              8 |         2.67 |
|  numero8_block_i/clk_wiz_0/inst/clk_out1                      | numero8_block_i/dvi2rgb_0/U0/GenerateDDC.DDC_EEPROM/I2C_SlaveController/dataByte[7]_i_1_n_0                         |                                                                                                 |                2 |              8 |         4.00 |
|  numero8_block_i/dvi2rgb_0/U0/TMDS_ClockingX/PixelClkBuffer_0 |                                                                                                                     | numero8_block_i/dvi2rgb_0/U0/DataDecoders[2].DecoderX/ChannelBondX/SR[0]                        |                2 |              8 |         4.00 |
|  numero8_block_i/dvi2rgb_0/U0/TMDS_ClockingX/PixelClkBuffer_0 |                                                                                                                     | numero8_block_i/dvi2rgb_0/U0/DataDecoders[1].DecoderX/ChannelBondX/pMeRdy_int_reg_0[0]          |                3 |              8 |         2.67 |
|  numero8_block_i/clk_wiz_0/inst/clk_out1                      |                                                                                                                     | numero8_block_i/dvi2rgb_0/U0/LockLostReset/SyncAsyncx/oSyncStages[1]                            |                5 |              9 |         1.80 |
|  numero8_block_i/dvi2rgb_0/U0/GenerateBUFG.ResyncToBUFG_X/CLK |                                                                                                                     | numero8_block_i/rgb2dvi_0/U0/DataEncoders[0].DataEncoder/pDataOutRaw[9]_i_1__1_n_0              |                3 |             10 |         3.33 |
|  numero8_block_i/dvi2rgb_0/U0/TMDS_ClockingX/PixelClkBuffer_0 | numero8_block_i/dvi2rgb_0/U0/DataDecoders[1].DecoderX/PhaseAlignX/pState[10]_i_1__0_n_0                             | numero8_block_i/dvi2rgb_0/U0/DataDecoders[1].DecoderX/pAlignRst_reg_n_0                         |                4 |             11 |         2.75 |
|  numero8_block_i/dvi2rgb_0/U0/TMDS_ClockingX/PixelClkBuffer_0 | numero8_block_i/dvi2rgb_0/U0/DataDecoders[0].DecoderX/PhaseAlignX/pState[10]_i_1__1_n_0                             | numero8_block_i/dvi2rgb_0/U0/DataDecoders[0].DecoderX/pAlignRst_reg_n_0                         |                3 |             11 |         3.67 |
|  numero8_block_i/dvi2rgb_0/U0/TMDS_ClockingX/PixelClkBuffer_0 | numero8_block_i/dvi2rgb_0/U0/DataDecoders[2].DecoderX/PhaseAlignX/pState[10]_i_1_n_0                                | numero8_block_i/dvi2rgb_0/U0/DataDecoders[2].DecoderX/pAlignRst_reg_n_0                         |                3 |             11 |         3.67 |
|  numero8_block_i/dvi2rgb_0/U0/TMDS_ClockingX/PixelClkBuffer_0 |                                                                                                                     | numero8_block_i/dvi2rgb_0/U0/DataDecoders[0].DecoderX/ChannelBondX/SR[0]                        |                3 |             11 |         3.67 |
|  numero8_block_i/dvi2rgb_0/U0/TMDS_ClockingX/PixelClkBuffer_0 |                                                                                                                     | numero8_block_i/dvi2rgb_0/U0/LockLostReset/SyncAsyncx/oSyncStages[1]                            |                5 |             12 |         2.40 |
|  numero8_block_i/dvi2rgb_0/U0/TMDS_ClockingX/PixelClkBuffer_0 |                                                                                                                     | numero8_block_i/dvi2rgb_0/U0/DataDecoders[1].DecoderX/PhaseAlignX/pAligned_reg_0                |                7 |             21 |         3.00 |
|  numero8_block_i/clk_wiz_0/inst/clk_out1                      | numero8_block_i/dvi2rgb_0/U0/DataDecoders[0].DecoderX/sel                                                           | numero8_block_i/dvi2rgb_0/U0/DataDecoders[0].DecoderX/SyncBaseRst/SyncAsyncx/oSyncStages[1]     |                6 |             24 |         4.00 |
|  numero8_block_i/clk_wiz_0/inst/clk_out1                      | numero8_block_i/dvi2rgb_0/U0/DataDecoders[1].DecoderX/sel                                                           | numero8_block_i/dvi2rgb_0/U0/DataDecoders[1].DecoderX/SyncBaseRst/SyncAsyncx/oSyncStages[1]     |                6 |             24 |         4.00 |
|  numero8_block_i/clk_wiz_0/inst/clk_out1                      | numero8_block_i/dvi2rgb_0/U0/DataDecoders[2].DecoderX/sel                                                           | numero8_block_i/dvi2rgb_0/U0/DataDecoders[2].DecoderX/SyncBaseRst/SyncAsyncx/oSyncStages[1]     |                6 |             24 |         4.00 |
|  numero8_block_i/dvi2rgb_0/U0/GenerateBUFG.ResyncToBUFG_X/CLK |                                                                                                                     | numero8_block_i/rgb2dvi_0/U0/DataEncoders[0].DataEncoder/SR[0]                                  |               17 |             32 |         1.88 |
|  numero8_block_i/clk_wiz_0/inst/clk_out1                      |                                                                                                                     |                                                                                                 |               20 |             36 |         1.80 |
|  numero8_block_i/dvi2rgb_0/U0/TMDS_ClockingX/PixelClkBuffer_0 | numero8_block_i/dvi2rgb_0/U0/DataDecoders[0].DecoderX/PhaseAlignX/pAllVld                                           |                                                                                                 |                6 |             48 |         8.00 |
|  numero8_block_i/dvi2rgb_0/U0/GenerateBUFG.ResyncToBUFG_X/CLK |                                                                                                                     |                                                                                                 |               35 |            119 |         3.40 |
|  numero8_block_i/dvi2rgb_0/U0/TMDS_ClockingX/PixelClkBuffer_0 |                                                                                                                     |                                                                                                 |               39 |            146 |         3.74 |
+---------------------------------------------------------------+---------------------------------------------------------------------------------------------------------------------+-------------------------------------------------------------------------------------------------+------------------+----------------+--------------+


