
*** Running vivado
    with args -log numero7_block_wrapper.vds -m64 -product Vivado -mode batch -messageDb vivado.pb -notrace -source numero7_block_wrapper.tcl


****** Vivado v2022.1 (64-bit)
  **** SW Build 3526262 on Mon Apr 18 15:47:01 MDT 2022
  **** IP Build 3524634 on Mon Apr 18 20:55:01 MDT 2022
    ** Copyright 1986-2022 Xilinx, Inc. All Rights Reserved.

source numero7_block_wrapper.tcl -notrace
INFO: [IP_Flow 19-234] Refreshing IP repositories
INFO: [IP_Flow 19-1700] Loaded user IP repository '/home/vini/Documents/FPGA/GIF4202_Lab3/IP'.
INFO: [IP_Flow 19-2313] Loaded Vivado IP repository '/home/vini/Xilinx/Vivado/2022.1/data/ip'.
Command: read_checkpoint -auto_incremental -incremental /home/vini/Documents/FPGA/GIF4202_Lab3/numero7_a/numero7_a.srcs/utils_1/imports/synth_1/rgb_switch.dcp
INFO: [Vivado 12-5825] Read reference checkpoint from /home/vini/Documents/FPGA/GIF4202_Lab3/numero7_a/numero7_a.srcs/utils_1/imports/synth_1/rgb_switch.dcp for incremental synthesis
INFO: [Vivado 12-7989] Please ensure there are no constraint changes
Command: synth_design -top numero7_block_wrapper -part xc7z020clg400-1
Starting synth_design
Attempting to get a license for feature 'Synthesis' and/or device 'xc7z020'
INFO: [Common 17-349] Got license for feature 'Synthesis' and/or device 'xc7z020'
INFO: [Device 21-403] Loading part xc7z020clg400-1
INFO: [Designutils 20-5440] No compile time benefit to using incremental synthesis; A full resynthesis will be run
INFO: [Designutils 20-4379] Flow is switching to default flow due to incremental criteria not met. If you would like to alter this behaviour and have the flow terminate instead, please set the following parameter config_implementation {autoIncr.Synth.RejectBehavior Terminate}
INFO: [Synth 8-7079] Multithreading enabled for synth_design using a maximum of 4 processes.
INFO: [Synth 8-7078] Launching helper process for spawning children vivado processes
INFO: [Synth 8-7075] Helper process launched with PID 121383
---------------------------------------------------------------------------------
Starting RTL Elaboration : Time (s): cpu = 00:00:03 ; elapsed = 00:00:04 . Memory (MB): peak = 2715.809 ; gain = 0.000 ; free physical = 2415 ; free virtual = 8988
---------------------------------------------------------------------------------
INFO: [Synth 8-638] synthesizing module 'numero7_block_wrapper' [/home/vini/Documents/FPGA/GIF4202_Lab3/numero7_a/numero7_a.gen/sources_1/bd/numero7_block/hdl/numero7_block_wrapper.vhd:35]
INFO: [Synth 8-3491] module 'IOBUF' declared at '/home/vini/Xilinx/Vivado/2022.1/scripts/rt/data/unisim_comp.v:59734' bound to instance 'hdmi_in_ddc_scl_iobuf' of component 'IOBUF' [/home/vini/Documents/FPGA/GIF4202_Lab3/numero7_a/numero7_a.gen/sources_1/bd/numero7_block/hdl/numero7_block_wrapper.vhd:75]
INFO: [Synth 8-6157] synthesizing module 'IOBUF' [/home/vini/Xilinx/Vivado/2022.1/scripts/rt/data/unisim_comp.v:59734]
INFO: [Synth 8-6155] done synthesizing module 'IOBUF' (0#1) [/home/vini/Xilinx/Vivado/2022.1/scripts/rt/data/unisim_comp.v:59734]
INFO: [Synth 8-3491] module 'IOBUF' declared at '/home/vini/Xilinx/Vivado/2022.1/scripts/rt/data/unisim_comp.v:59734' bound to instance 'hdmi_in_ddc_sda_iobuf' of component 'IOBUF' [/home/vini/Documents/FPGA/GIF4202_Lab3/numero7_a/numero7_a.gen/sources_1/bd/numero7_block/hdl/numero7_block_wrapper.vhd:82]
INFO: [Synth 8-3491] module 'numero7_block' declared at '/home/vini/Documents/FPGA/GIF4202_Lab3/numero7_a/numero7_a.gen/sources_1/bd/numero7_block/synth/numero7_block.vhd:14' bound to instance 'numero7_block_i' of component 'numero7_block' [/home/vini/Documents/FPGA/GIF4202_Lab3/numero7_a/numero7_a.gen/sources_1/bd/numero7_block/hdl/numero7_block_wrapper.vhd:89]
INFO: [Synth 8-638] synthesizing module 'numero7_block' [/home/vini/Documents/FPGA/GIF4202_Lab3/numero7_a/numero7_a.gen/sources_1/bd/numero7_block/synth/numero7_block.vhd:43]
INFO: [Synth 8-3491] module 'numero7_block_clk_wiz_0_0' declared at '/home/vini/Documents/FPGA/GIF4202_Lab3/numero7_a/numero7_a.runs/synth_1/.Xil/Vivado-121318-pop-os/realtime/numero7_block_clk_wiz_0_0_stub.vhdl:5' bound to instance 'clk_wiz_0' of component 'numero7_block_clk_wiz_0_0' [/home/vini/Documents/FPGA/GIF4202_Lab3/numero7_a/numero7_a.gen/sources_1/bd/numero7_block/synth/numero7_block.vhd:175]
INFO: [Synth 8-638] synthesizing module 'numero7_block_clk_wiz_0_0' [/home/vini/Documents/FPGA/GIF4202_Lab3/numero7_a/numero7_a.runs/synth_1/.Xil/Vivado-121318-pop-os/realtime/numero7_block_clk_wiz_0_0_stub.vhdl:15]
INFO: [Synth 8-3491] module 'numero7_block_dvi2rgb_0_0' declared at '/home/vini/Documents/FPGA/GIF4202_Lab3/numero7_a/numero7_a.runs/synth_1/.Xil/Vivado-121318-pop-os/realtime/numero7_block_dvi2rgb_0_0_stub.vhdl:5' bound to instance 'dvi2rgb_0' of component 'numero7_block_dvi2rgb_0_0' [/home/vini/Documents/FPGA/GIF4202_Lab3/numero7_a/numero7_a.gen/sources_1/bd/numero7_block/synth/numero7_block.vhd:182]
INFO: [Synth 8-638] synthesizing module 'numero7_block_dvi2rgb_0_0' [/home/vini/Documents/FPGA/GIF4202_Lab3/numero7_a/numero7_a.runs/synth_1/.Xil/Vivado-121318-pop-os/realtime/numero7_block_dvi2rgb_0_0_stub.vhdl:31]
INFO: [Synth 8-3491] module 'numero7_block_rgb2dvi_0_0' declared at '/home/vini/Documents/FPGA/GIF4202_Lab3/numero7_a/numero7_a.runs/synth_1/.Xil/Vivado-121318-pop-os/realtime/numero7_block_rgb2dvi_0_0_stub.vhdl:5' bound to instance 'rgb2dvi_0' of component 'numero7_block_rgb2dvi_0_0' [/home/vini/Documents/FPGA/GIF4202_Lab3/numero7_a/numero7_a.gen/sources_1/bd/numero7_block/synth/numero7_block.vhd:205]
INFO: [Synth 8-638] synthesizing module 'numero7_block_rgb2dvi_0_0' [/home/vini/Documents/FPGA/GIF4202_Lab3/numero7_a/numero7_a.runs/synth_1/.Xil/Vivado-121318-pop-os/realtime/numero7_block_rgb2dvi_0_0_stub.vhdl:21]
INFO: [Synth 8-3491] module 'numero7_block_rgb_switch_0_1' declared at '/home/vini/Documents/FPGA/GIF4202_Lab3/numero7_a/numero7_a.runs/synth_1/.Xil/Vivado-121318-pop-os/realtime/numero7_block_rgb_switch_0_1_stub.vhdl:5' bound to instance 'rgb_switch_0' of component 'numero7_block_rgb_switch_0_1' [/home/vini/Documents/FPGA/GIF4202_Lab3/numero7_a/numero7_a.gen/sources_1/bd/numero7_block/synth/numero7_block.vhd:218]
INFO: [Synth 8-638] synthesizing module 'numero7_block_rgb_switch_0_1' [/home/vini/Documents/FPGA/GIF4202_Lab3/numero7_a/numero7_a.runs/synth_1/.Xil/Vivado-121318-pop-os/realtime/numero7_block_rgb_switch_0_1_stub.vhdl:16]
INFO: [Synth 8-3491] module 'numero7_block_xlconstant_0_0' declared at '/home/vini/Documents/FPGA/GIF4202_Lab3/numero7_a/numero7_a.gen/sources_1/bd/numero7_block/ip/numero7_block_xlconstant_0_0/synth/numero7_block_xlconstant_0_0.v:53' bound to instance 'xlconstant_0' of component 'numero7_block_xlconstant_0_0' [/home/vini/Documents/FPGA/GIF4202_Lab3/numero7_a/numero7_a.gen/sources_1/bd/numero7_block/synth/numero7_block.vhd:226]
INFO: [Synth 8-6157] synthesizing module 'numero7_block_xlconstant_0_0' [/home/vini/Documents/FPGA/GIF4202_Lab3/numero7_a/numero7_a.gen/sources_1/bd/numero7_block/ip/numero7_block_xlconstant_0_0/synth/numero7_block_xlconstant_0_0.v:53]
INFO: [Synth 8-6157] synthesizing module 'xlconstant_v1_1_7_xlconstant' [/home/vini/Documents/FPGA/GIF4202_Lab3/numero7_a/numero7_a.gen/sources_1/bd/numero7_block/ipshared/fcfc/hdl/xlconstant_v1_1_vl_rfs.v:23]
INFO: [Synth 8-6155] done synthesizing module 'xlconstant_v1_1_7_xlconstant' (0#1) [/home/vini/Documents/FPGA/GIF4202_Lab3/numero7_a/numero7_a.gen/sources_1/bd/numero7_block/ipshared/fcfc/hdl/xlconstant_v1_1_vl_rfs.v:23]
INFO: [Synth 8-6155] done synthesizing module 'numero7_block_xlconstant_0_0' (0#1) [/home/vini/Documents/FPGA/GIF4202_Lab3/numero7_a/numero7_a.gen/sources_1/bd/numero7_block/ip/numero7_block_xlconstant_0_0/synth/numero7_block_xlconstant_0_0.v:53]
INFO: [Synth 8-256] done synthesizing module 'numero7_block' (0#1) [/home/vini/Documents/FPGA/GIF4202_Lab3/numero7_a/numero7_a.gen/sources_1/bd/numero7_block/synth/numero7_block.vhd:43]
INFO: [Synth 8-256] done synthesizing module 'numero7_block_wrapper' (0#1) [/home/vini/Documents/FPGA/GIF4202_Lab3/numero7_a/numero7_a.gen/sources_1/bd/numero7_block/hdl/numero7_block_wrapper.vhd:35]
---------------------------------------------------------------------------------
Finished RTL Elaboration : Time (s): cpu = 00:00:04 ; elapsed = 00:00:05 . Memory (MB): peak = 2715.809 ; gain = 0.000 ; free physical = 3486 ; free virtual = 10060
---------------------------------------------------------------------------------
---------------------------------------------------------------------------------
Start Handling Custom Attributes
---------------------------------------------------------------------------------
---------------------------------------------------------------------------------
Finished Handling Custom Attributes : Time (s): cpu = 00:00:05 ; elapsed = 00:00:05 . Memory (MB): peak = 2715.809 ; gain = 0.000 ; free physical = 3486 ; free virtual = 10060
---------------------------------------------------------------------------------
---------------------------------------------------------------------------------
Finished RTL Optimization Phase 1 : Time (s): cpu = 00:00:05 ; elapsed = 00:00:05 . Memory (MB): peak = 2715.809 ; gain = 0.000 ; free physical = 3486 ; free virtual = 10060
---------------------------------------------------------------------------------
Netlist sorting complete. Time (s): cpu = 00:00:00 ; elapsed = 00:00:00 . Memory (MB): peak = 2715.809 ; gain = 0.000 ; free physical = 3484 ; free virtual = 10057
INFO: [Netlist 29-17] Analyzing 2 Unisim elements for replacement
INFO: [Netlist 29-28] Unisim Transformation completed in 0 CPU seconds
INFO: [Project 1-570] Preparing netlist for logic optimization

Processing XDC Constraints
Initializing timing engine
Parsing XDC File [/home/vini/Documents/FPGA/GIF4202_Lab3/numero7_a/numero7_a.gen/sources_1/bd/numero7_block/ip/numero7_block_dvi2rgb_0_0/numero7_block_dvi2rgb_0_0/numero7_block_dvi2rgb_0_0_in_context.xdc] for cell 'numero7_block_i/dvi2rgb_0'
Finished Parsing XDC File [/home/vini/Documents/FPGA/GIF4202_Lab3/numero7_a/numero7_a.gen/sources_1/bd/numero7_block/ip/numero7_block_dvi2rgb_0_0/numero7_block_dvi2rgb_0_0/numero7_block_dvi2rgb_0_0_in_context.xdc] for cell 'numero7_block_i/dvi2rgb_0'
Parsing XDC File [/home/vini/Documents/FPGA/GIF4202_Lab3/numero7_a/numero7_a.gen/sources_1/bd/numero7_block/ip/numero7_block_rgb2dvi_0_0/numero7_block_rgb2dvi_0_0/numero7_block_rgb2dvi_0_0_in_context.xdc] for cell 'numero7_block_i/rgb2dvi_0'
Finished Parsing XDC File [/home/vini/Documents/FPGA/GIF4202_Lab3/numero7_a/numero7_a.gen/sources_1/bd/numero7_block/ip/numero7_block_rgb2dvi_0_0/numero7_block_rgb2dvi_0_0/numero7_block_rgb2dvi_0_0_in_context.xdc] for cell 'numero7_block_i/rgb2dvi_0'
Parsing XDC File [/home/vini/Documents/FPGA/GIF4202_Lab3/numero7_a/numero7_a.gen/sources_1/bd/numero7_block/ip/numero7_block_clk_wiz_0_0/numero7_block_clk_wiz_0_0/numero7_block_clk_wiz_0_0_in_context.xdc] for cell 'numero7_block_i/clk_wiz_0'
Finished Parsing XDC File [/home/vini/Documents/FPGA/GIF4202_Lab3/numero7_a/numero7_a.gen/sources_1/bd/numero7_block/ip/numero7_block_clk_wiz_0_0/numero7_block_clk_wiz_0_0/numero7_block_clk_wiz_0_0_in_context.xdc] for cell 'numero7_block_i/clk_wiz_0'
Parsing XDC File [/home/vini/Documents/FPGA/GIF4202_Lab3/numero7_a/numero7_a.gen/sources_1/bd/numero7_block/ip/numero7_block_rgb_switch_0_1/numero7_block_rgb_switch_0_1/numero7_block_rgb_switch_0_1_in_context.xdc] for cell 'numero7_block_i/rgb_switch_0'
Finished Parsing XDC File [/home/vini/Documents/FPGA/GIF4202_Lab3/numero7_a/numero7_a.gen/sources_1/bd/numero7_block/ip/numero7_block_rgb_switch_0_1/numero7_block_rgb_switch_0_1/numero7_block_rgb_switch_0_1_in_context.xdc] for cell 'numero7_block_i/rgb_switch_0'
Parsing XDC File [/home/vini/Documents/FPGA/GIF4202_Lab3/numero7_a/numero7_a.srcs/constrs_1/new/Zybo-Z7-Master.xdc]
Finished Parsing XDC File [/home/vini/Documents/FPGA/GIF4202_Lab3/numero7_a/numero7_a.srcs/constrs_1/new/Zybo-Z7-Master.xdc]
INFO: [Project 1-236] Implementation specific constraints were found while reading constraint file [/home/vini/Documents/FPGA/GIF4202_Lab3/numero7_a/numero7_a.srcs/constrs_1/new/Zybo-Z7-Master.xdc]. These constraints will be ignored for synthesis but will be used in implementation. Impacted constraints are listed in the file [.Xil/numero7_block_wrapper_propImpl.xdc].
Resolution: To avoid this warning, move constraints listed in [.Xil/numero7_block_wrapper_propImpl.xdc] to another XDC file and exclude this new file from synthesis with the used_in_synthesis property (File Properties dialog in GUI) and re-run elaboration/synthesis.
Parsing XDC File [/home/vini/Documents/FPGA/GIF4202_Lab3/numero7_a/numero7_a.runs/synth_1/dont_touch.xdc]
Finished Parsing XDC File [/home/vini/Documents/FPGA/GIF4202_Lab3/numero7_a/numero7_a.runs/synth_1/dont_touch.xdc]
Completed Processing XDC Constraints

Netlist sorting complete. Time (s): cpu = 00:00:00 ; elapsed = 00:00:00 . Memory (MB): peak = 2715.809 ; gain = 0.000 ; free physical = 3406 ; free virtual = 9980
INFO: [Project 1-111] Unisim Transformation Summary:
  A total of 2 instances were transformed.
  IOBUF => IOBUF (IBUF, OBUFT): 2 instances

Constraint Validation Runtime : Time (s): cpu = 00:00:00 ; elapsed = 00:00:00 . Memory (MB): peak = 2715.809 ; gain = 0.000 ; free physical = 3406 ; free virtual = 9980
INFO: [Designutils 20-5440] No compile time benefit to using incremental synthesis; A full resynthesis will be run
INFO: [Designutils 20-4379] Flow is switching to default flow due to incremental criteria not met. If you would like to alter this behaviour and have the flow terminate instead, please set the following parameter config_implementation {autoIncr.Synth.RejectBehavior Terminate}
---------------------------------------------------------------------------------
Finished Constraint Validation : Time (s): cpu = 00:00:10 ; elapsed = 00:00:11 . Memory (MB): peak = 2715.809 ; gain = 0.000 ; free physical = 3494 ; free virtual = 10068
---------------------------------------------------------------------------------
---------------------------------------------------------------------------------
Start Loading Part and Timing Information
---------------------------------------------------------------------------------
Loading part: xc7z020clg400-1
---------------------------------------------------------------------------------
Finished Loading Part and Timing Information : Time (s): cpu = 00:00:10 ; elapsed = 00:00:11 . Memory (MB): peak = 2715.809 ; gain = 0.000 ; free physical = 3494 ; free virtual = 10068
---------------------------------------------------------------------------------
---------------------------------------------------------------------------------
Start Applying 'set_property' XDC Constraints
---------------------------------------------------------------------------------
Applied set_property IO_BUFFER_TYPE = NONE for hdmi_in_clk_n. (constraint file  /home/vini/Documents/FPGA/GIF4202_Lab3/numero7_a/numero7_a.gen/sources_1/bd/numero7_block/ip/numero7_block_dvi2rgb_0_0/numero7_block_dvi2rgb_0_0/numero7_block_dvi2rgb_0_0_in_context.xdc, line 2).
Applied set_property CLOCK_BUFFER_TYPE = NONE for hdmi_in_clk_n. (constraint file  /home/vini/Documents/FPGA/GIF4202_Lab3/numero7_a/numero7_a.gen/sources_1/bd/numero7_block/ip/numero7_block_dvi2rgb_0_0/numero7_block_dvi2rgb_0_0/numero7_block_dvi2rgb_0_0_in_context.xdc, line 3).
Applied set_property IO_BUFFER_TYPE = NONE for hdmi_in_clk_p. (constraint file  /home/vini/Documents/FPGA/GIF4202_Lab3/numero7_a/numero7_a.gen/sources_1/bd/numero7_block/ip/numero7_block_dvi2rgb_0_0/numero7_block_dvi2rgb_0_0/numero7_block_dvi2rgb_0_0_in_context.xdc, line 4).
Applied set_property CLOCK_BUFFER_TYPE = NONE for hdmi_in_clk_p. (constraint file  /home/vini/Documents/FPGA/GIF4202_Lab3/numero7_a/numero7_a.gen/sources_1/bd/numero7_block/ip/numero7_block_dvi2rgb_0_0/numero7_block_dvi2rgb_0_0/numero7_block_dvi2rgb_0_0_in_context.xdc, line 5).
Applied set_property IO_BUFFER_TYPE = NONE for hdmi_in_data_n[0]. (constraint file  /home/vini/Documents/FPGA/GIF4202_Lab3/numero7_a/numero7_a.gen/sources_1/bd/numero7_block/ip/numero7_block_dvi2rgb_0_0/numero7_block_dvi2rgb_0_0/numero7_block_dvi2rgb_0_0_in_context.xdc, line 6).
Applied set_property CLOCK_BUFFER_TYPE = NONE for hdmi_in_data_n[0]. (constraint file  /home/vini/Documents/FPGA/GIF4202_Lab3/numero7_a/numero7_a.gen/sources_1/bd/numero7_block/ip/numero7_block_dvi2rgb_0_0/numero7_block_dvi2rgb_0_0/numero7_block_dvi2rgb_0_0_in_context.xdc, line 7).
Applied set_property IO_BUFFER_TYPE = NONE for hdmi_in_data_n[1]. (constraint file  /home/vini/Documents/FPGA/GIF4202_Lab3/numero7_a/numero7_a.gen/sources_1/bd/numero7_block/ip/numero7_block_dvi2rgb_0_0/numero7_block_dvi2rgb_0_0/numero7_block_dvi2rgb_0_0_in_context.xdc, line 8).
Applied set_property CLOCK_BUFFER_TYPE = NONE for hdmi_in_data_n[1]. (constraint file  /home/vini/Documents/FPGA/GIF4202_Lab3/numero7_a/numero7_a.gen/sources_1/bd/numero7_block/ip/numero7_block_dvi2rgb_0_0/numero7_block_dvi2rgb_0_0/numero7_block_dvi2rgb_0_0_in_context.xdc, line 9).
Applied set_property IO_BUFFER_TYPE = NONE for hdmi_in_data_n[2]. (constraint file  /home/vini/Documents/FPGA/GIF4202_Lab3/numero7_a/numero7_a.gen/sources_1/bd/numero7_block/ip/numero7_block_dvi2rgb_0_0/numero7_block_dvi2rgb_0_0/numero7_block_dvi2rgb_0_0_in_context.xdc, line 10).
Applied set_property CLOCK_BUFFER_TYPE = NONE for hdmi_in_data_n[2]. (constraint file  /home/vini/Documents/FPGA/GIF4202_Lab3/numero7_a/numero7_a.gen/sources_1/bd/numero7_block/ip/numero7_block_dvi2rgb_0_0/numero7_block_dvi2rgb_0_0/numero7_block_dvi2rgb_0_0_in_context.xdc, line 11).
Applied set_property IO_BUFFER_TYPE = NONE for hdmi_in_data_p[0]. (constraint file  /home/vini/Documents/FPGA/GIF4202_Lab3/numero7_a/numero7_a.gen/sources_1/bd/numero7_block/ip/numero7_block_dvi2rgb_0_0/numero7_block_dvi2rgb_0_0/numero7_block_dvi2rgb_0_0_in_context.xdc, line 12).
Applied set_property CLOCK_BUFFER_TYPE = NONE for hdmi_in_data_p[0]. (constraint file  /home/vini/Documents/FPGA/GIF4202_Lab3/numero7_a/numero7_a.gen/sources_1/bd/numero7_block/ip/numero7_block_dvi2rgb_0_0/numero7_block_dvi2rgb_0_0/numero7_block_dvi2rgb_0_0_in_context.xdc, line 13).
Applied set_property IO_BUFFER_TYPE = NONE for hdmi_in_data_p[1]. (constraint file  /home/vini/Documents/FPGA/GIF4202_Lab3/numero7_a/numero7_a.gen/sources_1/bd/numero7_block/ip/numero7_block_dvi2rgb_0_0/numero7_block_dvi2rgb_0_0/numero7_block_dvi2rgb_0_0_in_context.xdc, line 14).
Applied set_property CLOCK_BUFFER_TYPE = NONE for hdmi_in_data_p[1]. (constraint file  /home/vini/Documents/FPGA/GIF4202_Lab3/numero7_a/numero7_a.gen/sources_1/bd/numero7_block/ip/numero7_block_dvi2rgb_0_0/numero7_block_dvi2rgb_0_0/numero7_block_dvi2rgb_0_0_in_context.xdc, line 15).
Applied set_property IO_BUFFER_TYPE = NONE for hdmi_in_data_p[2]. (constraint file  /home/vini/Documents/FPGA/GIF4202_Lab3/numero7_a/numero7_a.gen/sources_1/bd/numero7_block/ip/numero7_block_dvi2rgb_0_0/numero7_block_dvi2rgb_0_0/numero7_block_dvi2rgb_0_0_in_context.xdc, line 16).
Applied set_property CLOCK_BUFFER_TYPE = NONE for hdmi_in_data_p[2]. (constraint file  /home/vini/Documents/FPGA/GIF4202_Lab3/numero7_a/numero7_a.gen/sources_1/bd/numero7_block/ip/numero7_block_dvi2rgb_0_0/numero7_block_dvi2rgb_0_0/numero7_block_dvi2rgb_0_0_in_context.xdc, line 17).
Applied set_property IO_BUFFER_TYPE = NONE for hdmi_out_clk_n. (constraint file  /home/vini/Documents/FPGA/GIF4202_Lab3/numero7_a/numero7_a.gen/sources_1/bd/numero7_block/ip/numero7_block_rgb2dvi_0_0/numero7_block_rgb2dvi_0_0/numero7_block_rgb2dvi_0_0_in_context.xdc, line 1).
Applied set_property CLOCK_BUFFER_TYPE = NONE for hdmi_out_clk_n. (constraint file  /home/vini/Documents/FPGA/GIF4202_Lab3/numero7_a/numero7_a.gen/sources_1/bd/numero7_block/ip/numero7_block_rgb2dvi_0_0/numero7_block_rgb2dvi_0_0/numero7_block_rgb2dvi_0_0_in_context.xdc, line 2).
Applied set_property IO_BUFFER_TYPE = NONE for hdmi_out_clk_p. (constraint file  /home/vini/Documents/FPGA/GIF4202_Lab3/numero7_a/numero7_a.gen/sources_1/bd/numero7_block/ip/numero7_block_rgb2dvi_0_0/numero7_block_rgb2dvi_0_0/numero7_block_rgb2dvi_0_0_in_context.xdc, line 3).
Applied set_property CLOCK_BUFFER_TYPE = NONE for hdmi_out_clk_p. (constraint file  /home/vini/Documents/FPGA/GIF4202_Lab3/numero7_a/numero7_a.gen/sources_1/bd/numero7_block/ip/numero7_block_rgb2dvi_0_0/numero7_block_rgb2dvi_0_0/numero7_block_rgb2dvi_0_0_in_context.xdc, line 4).
Applied set_property IO_BUFFER_TYPE = NONE for hdmi_out_data_n[0]. (constraint file  /home/vini/Documents/FPGA/GIF4202_Lab3/numero7_a/numero7_a.gen/sources_1/bd/numero7_block/ip/numero7_block_rgb2dvi_0_0/numero7_block_rgb2dvi_0_0/numero7_block_rgb2dvi_0_0_in_context.xdc, line 5).
Applied set_property CLOCK_BUFFER_TYPE = NONE for hdmi_out_data_n[0]. (constraint file  /home/vini/Documents/FPGA/GIF4202_Lab3/numero7_a/numero7_a.gen/sources_1/bd/numero7_block/ip/numero7_block_rgb2dvi_0_0/numero7_block_rgb2dvi_0_0/numero7_block_rgb2dvi_0_0_in_context.xdc, line 6).
Applied set_property IO_BUFFER_TYPE = NONE for hdmi_out_data_n[1]. (constraint file  /home/vini/Documents/FPGA/GIF4202_Lab3/numero7_a/numero7_a.gen/sources_1/bd/numero7_block/ip/numero7_block_rgb2dvi_0_0/numero7_block_rgb2dvi_0_0/numero7_block_rgb2dvi_0_0_in_context.xdc, line 7).
Applied set_property CLOCK_BUFFER_TYPE = NONE for hdmi_out_data_n[1]. (constraint file  /home/vini/Documents/FPGA/GIF4202_Lab3/numero7_a/numero7_a.gen/sources_1/bd/numero7_block/ip/numero7_block_rgb2dvi_0_0/numero7_block_rgb2dvi_0_0/numero7_block_rgb2dvi_0_0_in_context.xdc, line 8).
Applied set_property IO_BUFFER_TYPE = NONE for hdmi_out_data_n[2]. (constraint file  /home/vini/Documents/FPGA/GIF4202_Lab3/numero7_a/numero7_a.gen/sources_1/bd/numero7_block/ip/numero7_block_rgb2dvi_0_0/numero7_block_rgb2dvi_0_0/numero7_block_rgb2dvi_0_0_in_context.xdc, line 9).
Applied set_property CLOCK_BUFFER_TYPE = NONE for hdmi_out_data_n[2]. (constraint file  /home/vini/Documents/FPGA/GIF4202_Lab3/numero7_a/numero7_a.gen/sources_1/bd/numero7_block/ip/numero7_block_rgb2dvi_0_0/numero7_block_rgb2dvi_0_0/numero7_block_rgb2dvi_0_0_in_context.xdc, line 10).
Applied set_property IO_BUFFER_TYPE = NONE for hdmi_out_data_p[0]. (constraint file  /home/vini/Documents/FPGA/GIF4202_Lab3/numero7_a/numero7_a.gen/sources_1/bd/numero7_block/ip/numero7_block_rgb2dvi_0_0/numero7_block_rgb2dvi_0_0/numero7_block_rgb2dvi_0_0_in_context.xdc, line 11).
Applied set_property CLOCK_BUFFER_TYPE = NONE for hdmi_out_data_p[0]. (constraint file  /home/vini/Documents/FPGA/GIF4202_Lab3/numero7_a/numero7_a.gen/sources_1/bd/numero7_block/ip/numero7_block_rgb2dvi_0_0/numero7_block_rgb2dvi_0_0/numero7_block_rgb2dvi_0_0_in_context.xdc, line 12).
Applied set_property IO_BUFFER_TYPE = NONE for hdmi_out_data_p[1]. (constraint file  /home/vini/Documents/FPGA/GIF4202_Lab3/numero7_a/numero7_a.gen/sources_1/bd/numero7_block/ip/numero7_block_rgb2dvi_0_0/numero7_block_rgb2dvi_0_0/numero7_block_rgb2dvi_0_0_in_context.xdc, line 13).
Applied set_property CLOCK_BUFFER_TYPE = NONE for hdmi_out_data_p[1]. (constraint file  /home/vini/Documents/FPGA/GIF4202_Lab3/numero7_a/numero7_a.gen/sources_1/bd/numero7_block/ip/numero7_block_rgb2dvi_0_0/numero7_block_rgb2dvi_0_0/numero7_block_rgb2dvi_0_0_in_context.xdc, line 14).
Applied set_property IO_BUFFER_TYPE = NONE for hdmi_out_data_p[2]. (constraint file  /home/vini/Documents/FPGA/GIF4202_Lab3/numero7_a/numero7_a.gen/sources_1/bd/numero7_block/ip/numero7_block_rgb2dvi_0_0/numero7_block_rgb2dvi_0_0/numero7_block_rgb2dvi_0_0_in_context.xdc, line 15).
Applied set_property CLOCK_BUFFER_TYPE = NONE for hdmi_out_data_p[2]. (constraint file  /home/vini/Documents/FPGA/GIF4202_Lab3/numero7_a/numero7_a.gen/sources_1/bd/numero7_block/ip/numero7_block_rgb2dvi_0_0/numero7_block_rgb2dvi_0_0/numero7_block_rgb2dvi_0_0_in_context.xdc, line 16).
Applied set_property IO_BUFFER_TYPE = NONE for clk. (constraint file  /home/vini/Documents/FPGA/GIF4202_Lab3/numero7_a/numero7_a.gen/sources_1/bd/numero7_block/ip/numero7_block_clk_wiz_0_0/numero7_block_clk_wiz_0_0/numero7_block_clk_wiz_0_0_in_context.xdc, line 3).
Applied set_property CLOCK_BUFFER_TYPE = NONE for clk. (constraint file  /home/vini/Documents/FPGA/GIF4202_Lab3/numero7_a/numero7_a.gen/sources_1/bd/numero7_block/ip/numero7_block_clk_wiz_0_0/numero7_block_clk_wiz_0_0/numero7_block_clk_wiz_0_0_in_context.xdc, line 4).
Applied set_property KEEP_HIERARCHY = SOFT for numero7_block_i. (constraint file  auto generated constraint).
Applied set_property KEEP_HIERARCHY = SOFT for numero7_block_i/dvi2rgb_0. (constraint file  auto generated constraint).
Applied set_property KEEP_HIERARCHY = SOFT for numero7_block_i/rgb2dvi_0. (constraint file  auto generated constraint).
Applied set_property KEEP_HIERARCHY = SOFT for numero7_block_i/clk_wiz_0. (constraint file  auto generated constraint).
Applied set_property KEEP_HIERARCHY = SOFT for numero7_block_i/xlconstant_0. (constraint file  auto generated constraint).
Applied set_property KEEP_HIERARCHY = SOFT for numero7_block_i/rgb_switch_0. (constraint file  auto generated constraint).
---------------------------------------------------------------------------------
Finished applying 'set_property' XDC Constraints : Time (s): cpu = 00:00:10 ; elapsed = 00:00:11 . Memory (MB): peak = 2715.809 ; gain = 0.000 ; free physical = 3494 ; free virtual = 10068
---------------------------------------------------------------------------------
---------------------------------------------------------------------------------
Finished RTL Optimization Phase 2 : Time (s): cpu = 00:00:10 ; elapsed = 00:00:11 . Memory (MB): peak = 2715.809 ; gain = 0.000 ; free physical = 3498 ; free virtual = 10073
---------------------------------------------------------------------------------
---------------------------------------------------------------------------------
Start RTL Component Statistics 
---------------------------------------------------------------------------------
Detailed RTL Component Info : 
---------------------------------------------------------------------------------
Finished RTL Component Statistics 
---------------------------------------------------------------------------------
---------------------------------------------------------------------------------
Start Part Resource Summary
---------------------------------------------------------------------------------
Part Resources:
DSPs: 220 (col length:60)
BRAMs: 280 (col length: RAMB18 60 RAMB36 30)
---------------------------------------------------------------------------------
Finished Part Resource Summary
---------------------------------------------------------------------------------
---------------------------------------------------------------------------------
Start Cross Boundary and Area Optimization
---------------------------------------------------------------------------------
WARNING: [Synth 8-7080] Parallel synthesis criteria is not met
---------------------------------------------------------------------------------
Finished Cross Boundary and Area Optimization : Time (s): cpu = 00:00:11 ; elapsed = 00:00:12 . Memory (MB): peak = 2715.809 ; gain = 0.000 ; free physical = 3493 ; free virtual = 10072
---------------------------------------------------------------------------------
---------------------------------------------------------------------------------
Start Applying XDC Timing Constraints
---------------------------------------------------------------------------------
---------------------------------------------------------------------------------
Finished Applying XDC Timing Constraints : Time (s): cpu = 00:00:15 ; elapsed = 00:00:16 . Memory (MB): peak = 2715.809 ; gain = 0.000 ; free physical = 3376 ; free virtual = 9955
---------------------------------------------------------------------------------
---------------------------------------------------------------------------------
Start Timing Optimization
---------------------------------------------------------------------------------
---------------------------------------------------------------------------------
Finished Timing Optimization : Time (s): cpu = 00:00:15 ; elapsed = 00:00:16 . Memory (MB): peak = 2715.809 ; gain = 0.000 ; free physical = 3376 ; free virtual = 9955
---------------------------------------------------------------------------------
---------------------------------------------------------------------------------
Start Technology Mapping
---------------------------------------------------------------------------------
---------------------------------------------------------------------------------
Finished Technology Mapping : Time (s): cpu = 00:00:15 ; elapsed = 00:00:16 . Memory (MB): peak = 2715.809 ; gain = 0.000 ; free physical = 3370 ; free virtual = 9948
---------------------------------------------------------------------------------
---------------------------------------------------------------------------------
Start IO Insertion
---------------------------------------------------------------------------------
---------------------------------------------------------------------------------
Start Flattening Before IO Insertion
---------------------------------------------------------------------------------
---------------------------------------------------------------------------------
Finished Flattening Before IO Insertion
---------------------------------------------------------------------------------
---------------------------------------------------------------------------------
Start Final Netlist Cleanup
---------------------------------------------------------------------------------
---------------------------------------------------------------------------------
Finished Final Netlist Cleanup
---------------------------------------------------------------------------------
---------------------------------------------------------------------------------
Finished IO Insertion : Time (s): cpu = 00:00:19 ; elapsed = 00:00:19 . Memory (MB): peak = 2715.809 ; gain = 0.000 ; free physical = 3365 ; free virtual = 9944
---------------------------------------------------------------------------------
---------------------------------------------------------------------------------
Start Renaming Generated Instances
---------------------------------------------------------------------------------
---------------------------------------------------------------------------------
Finished Renaming Generated Instances : Time (s): cpu = 00:00:19 ; elapsed = 00:00:19 . Memory (MB): peak = 2715.809 ; gain = 0.000 ; free physical = 3365 ; free virtual = 9944
---------------------------------------------------------------------------------
---------------------------------------------------------------------------------
Start Rebuilding User Hierarchy
---------------------------------------------------------------------------------
---------------------------------------------------------------------------------
Finished Rebuilding User Hierarchy : Time (s): cpu = 00:00:19 ; elapsed = 00:00:19 . Memory (MB): peak = 2715.809 ; gain = 0.000 ; free physical = 3365 ; free virtual = 9944
---------------------------------------------------------------------------------
---------------------------------------------------------------------------------
Start Renaming Generated Ports
---------------------------------------------------------------------------------
---------------------------------------------------------------------------------
Finished Renaming Generated Ports : Time (s): cpu = 00:00:19 ; elapsed = 00:00:19 . Memory (MB): peak = 2715.809 ; gain = 0.000 ; free physical = 3365 ; free virtual = 9944
---------------------------------------------------------------------------------
---------------------------------------------------------------------------------
Start Handling Custom Attributes
---------------------------------------------------------------------------------
---------------------------------------------------------------------------------
Finished Handling Custom Attributes : Time (s): cpu = 00:00:19 ; elapsed = 00:00:19 . Memory (MB): peak = 2715.809 ; gain = 0.000 ; free physical = 3365 ; free virtual = 9944
---------------------------------------------------------------------------------
---------------------------------------------------------------------------------
Start Renaming Generated Nets
---------------------------------------------------------------------------------
---------------------------------------------------------------------------------
Finished Renaming Generated Nets : Time (s): cpu = 00:00:19 ; elapsed = 00:00:19 . Memory (MB): peak = 2715.809 ; gain = 0.000 ; free physical = 3365 ; free virtual = 9944
---------------------------------------------------------------------------------
---------------------------------------------------------------------------------
Start Writing Synthesis Report
---------------------------------------------------------------------------------

Report BlackBoxes: 
+------+-----------------------------+----------+
|      |BlackBox name                |Instances |
+------+-----------------------------+----------+
|1     |numero7_block_clk_wiz_0_0    |         1|
|2     |numero7_block_dvi2rgb_0_0    |         1|
|3     |numero7_block_rgb2dvi_0_0    |         1|
|4     |numero7_block_rgb_switch_0_1 |         1|
+------+-----------------------------+----------+

Report Cell Usage: 
+------+----------------------------------+------+
|      |Cell                              |Count |
+------+----------------------------------+------+
|1     |numero7_block_clk_wiz_0_0_bbox    |     1|
|2     |numero7_block_dvi2rgb_0_0_bbox    |     1|
|3     |numero7_block_rgb2dvi_0_0_bbox    |     1|
|4     |numero7_block_rgb_switch_0_1_bbox |     1|
|5     |IBUF                              |     4|
|6     |IOBUF                             |     2|
|7     |OBUF                              |     1|
+------+----------------------------------+------+
---------------------------------------------------------------------------------
Finished Writing Synthesis Report : Time (s): cpu = 00:00:19 ; elapsed = 00:00:19 . Memory (MB): peak = 2715.809 ; gain = 0.000 ; free physical = 3365 ; free virtual = 9944
---------------------------------------------------------------------------------
Synthesis finished with 0 errors, 0 critical warnings and 1 warnings.
Synthesis Optimization Runtime : Time (s): cpu = 00:00:17 ; elapsed = 00:00:18 . Memory (MB): peak = 2715.809 ; gain = 0.000 ; free physical = 3418 ; free virtual = 9997
Synthesis Optimization Complete : Time (s): cpu = 00:00:19 ; elapsed = 00:00:19 . Memory (MB): peak = 2715.809 ; gain = 0.000 ; free physical = 3418 ; free virtual = 9997
INFO: [Project 1-571] Translating synthesized netlist
Netlist sorting complete. Time (s): cpu = 00:00:00 ; elapsed = 00:00:00.01 . Memory (MB): peak = 2715.809 ; gain = 0.000 ; free physical = 3415 ; free virtual = 9994
INFO: [Netlist 29-17] Analyzing 2 Unisim elements for replacement
INFO: [Netlist 29-28] Unisim Transformation completed in 0 CPU seconds
INFO: [Project 1-570] Preparing netlist for logic optimization
INFO: [Opt 31-138] Pushed 0 inverter(s) to 0 load pin(s).
Netlist sorting complete. Time (s): cpu = 00:00:00 ; elapsed = 00:00:00 . Memory (MB): peak = 2715.809 ; gain = 0.000 ; free physical = 3455 ; free virtual = 10035
INFO: [Project 1-111] Unisim Transformation Summary:
  A total of 2 instances were transformed.
  IOBUF => IOBUF (IBUF, OBUFT): 2 instances

Synth Design complete, checksum: 840c19df
INFO: [Common 17-83] Releasing license: Synthesis
48 Infos, 1 Warnings, 0 Critical Warnings and 0 Errors encountered.
synth_design completed successfully
synth_design: Time (s): cpu = 00:00:26 ; elapsed = 00:00:23 . Memory (MB): peak = 2715.809 ; gain = 0.000 ; free physical = 3655 ; free virtual = 10235
INFO: [Common 17-1381] The checkpoint '/home/vini/Documents/FPGA/GIF4202_Lab3/numero7_a/numero7_a.runs/synth_1/numero7_block_wrapper.dcp' has been generated.
INFO: [runtcl-4] Executing : report_utilization -file numero7_block_wrapper_utilization_synth.rpt -pb numero7_block_wrapper_utilization_synth.pb
INFO: [Common 17-206] Exiting Vivado at Sun Nov 13 16:20:52 2022...
