
*** Running vivado
    with args -log numero8_block_dvi2rgb_0_0.vds -m64 -product Vivado -mode batch -messageDb vivado.pb -notrace -source numero8_block_dvi2rgb_0_0.tcl


****** Vivado v2022.2 (64-bit)
  **** SW Build 3671981 on Fri Oct 14 04:59:54 MDT 2022
  **** IP Build 3669848 on Fri Oct 14 08:30:02 MDT 2022
    ** Copyright 1986-2022 Xilinx, Inc. All Rights Reserved.

source numero8_block_dvi2rgb_0_0.tcl -notrace
create_project: Time (s): cpu = 00:00:06 ; elapsed = 00:00:06 . Memory (MB): peak = 1279.645 ; gain = 0.023 ; free physical = 3800 ; free virtual = 7910
INFO: [IP_Flow 19-234] Refreshing IP repositories
INFO: [IP_Flow 19-1700] Loaded user IP repository '/home/vini/Documents/FPGA/GIF4202_Lab3/IP'.
INFO: [IP_Flow 19-2313] Loaded Vivado IP repository '/home/vini/Xilinx/Vivado/2022.2/data/ip'.
INFO: [IP_Flow 19-6924] IPCACHE: Running cache check for IP inst: numero8_block_dvi2rgb_0_0
Command: synth_design -top numero8_block_dvi2rgb_0_0 -part xc7z020clg400-1 -incremental_mode off -mode out_of_context
Starting synth_design
Attempting to get a license for feature 'Synthesis' and/or device 'xc7z020'
INFO: [Common 17-349] Got license for feature 'Synthesis' and/or device 'xc7z020'
INFO: [Device 21-403] Loading part xc7z020clg400-1
INFO: [Synth 8-7079] Multithreading enabled for synth_design using a maximum of 4 processes.
INFO: [Synth 8-7078] Launching helper process for spawning children vivado processes
INFO: [Synth 8-7075] Helper process launched with PID 381680
INFO: [Synth 8-11241] undeclared symbol 'REGCCE', assumed default net type 'wire' [/home/vini/Xilinx/Vivado/2022.2/data/verilog/src/unimacro/BRAM_SINGLE_MACRO.v:2170]
INFO: [Synth 8-11241] undeclared symbol 'rddata_rst_i', assumed default net type 'wire' [/home/vini/Documents/FPGA/GIF4202_Lab3/numero9/numero9.gen/sources_1/bd/numero8_block/ip/numero8_block_dvi2rgb_0_0/src/ila_refclk/hdl/xsdbm_v3_0_vl_rfs.v:2188]
INFO: [Synth 8-11241] undeclared symbol 'datard_overflow', assumed default net type 'wire' [/home/vini/Documents/FPGA/GIF4202_Lab3/numero9/numero9.gen/sources_1/bd/numero8_block/ip/numero8_block_dvi2rgb_0_0/src/ila_refclk/hdl/xsdbm_v3_0_vl_rfs.v:2235]
INFO: [Synth 8-11241] undeclared symbol 'datard_underflow', assumed default net type 'wire' [/home/vini/Documents/FPGA/GIF4202_Lab3/numero9/numero9.gen/sources_1/bd/numero8_block/ip/numero8_block_dvi2rgb_0_0/src/ila_refclk/hdl/xsdbm_v3_0_vl_rfs.v:2236]
INFO: [Synth 8-11241] undeclared symbol 'tms_int', assumed default net type 'wire' [/home/vini/Documents/FPGA/GIF4202_Lab3/numero9/numero9.gen/sources_1/bd/numero8_block/ip/numero8_block_dvi2rgb_0_0/src/ila_refclk/hdl/xsdbm_v3_0_vl_rfs.v:6379]
INFO: [Synth 8-11241] undeclared symbol 'runtest_int', assumed default net type 'wire' [/home/vini/Documents/FPGA/GIF4202_Lab3/numero9/numero9.gen/sources_1/bd/numero8_block/ip/numero8_block_dvi2rgb_0_0/src/ila_refclk/hdl/xsdbm_v3_0_vl_rfs.v:6381]
INFO: [Synth 8-11241] undeclared symbol 'tms_int', assumed default net type 'wire' [/home/vini/Documents/FPGA/GIF4202_Lab3/numero9/numero9.gen/sources_1/bd/numero8_block/ip/numero8_block_dvi2rgb_0_0/src/ila_refclk/hdl/xsdbm_v3_0_vl_rfs.v:6412]
INFO: [Synth 8-11241] undeclared symbol 'runtest_int', assumed default net type 'wire' [/home/vini/Documents/FPGA/GIF4202_Lab3/numero9/numero9.gen/sources_1/bd/numero8_block/ip/numero8_block_dvi2rgb_0_0/src/ila_refclk/hdl/xsdbm_v3_0_vl_rfs.v:6414]
INFO: [Synth 8-11241] undeclared symbol 'tms_int', assumed default net type 'wire' [/home/vini/Documents/FPGA/GIF4202_Lab3/numero9/numero9.gen/sources_1/bd/numero8_block/ip/numero8_block_dvi2rgb_0_0/src/ila_refclk/hdl/xsdbm_v3_0_vl_rfs.v:6447]
INFO: [Synth 8-11241] undeclared symbol 'runtest_int', assumed default net type 'wire' [/home/vini/Documents/FPGA/GIF4202_Lab3/numero9/numero9.gen/sources_1/bd/numero8_block/ip/numero8_block_dvi2rgb_0_0/src/ila_refclk/hdl/xsdbm_v3_0_vl_rfs.v:6449]
INFO: [Synth 8-11241] undeclared symbol 'tms_int', assumed default net type 'wire' [/home/vini/Documents/FPGA/GIF4202_Lab3/numero9/numero9.gen/sources_1/bd/numero8_block/ip/numero8_block_dvi2rgb_0_0/src/ila_refclk/hdl/verilog/xsdbm_v3_0_0_bs_core_ext.vh:30]
INFO: [Synth 8-11241] undeclared symbol 'runtest_int', assumed default net type 'wire' [/home/vini/Documents/FPGA/GIF4202_Lab3/numero9/numero9.gen/sources_1/bd/numero8_block/ip/numero8_block_dvi2rgb_0_0/src/ila_refclk/hdl/verilog/xsdbm_v3_0_0_bs_core_ext.vh:32]
INFO: [Synth 8-11241] undeclared symbol 'tms_int', assumed default net type 'wire' [/home/vini/Documents/FPGA/GIF4202_Lab3/numero9/numero9.gen/sources_1/bd/numero8_block/ip/numero8_block_dvi2rgb_0_0/src/ila_refclk/hdl/verilog/xsdbm_v3_0_0_bs_core_ext.vh:69]
INFO: [Synth 8-11241] undeclared symbol 'runtest_int', assumed default net type 'wire' [/home/vini/Documents/FPGA/GIF4202_Lab3/numero9/numero9.gen/sources_1/bd/numero8_block/ip/numero8_block_dvi2rgb_0_0/src/ila_refclk/hdl/verilog/xsdbm_v3_0_0_bs_core_ext.vh:71]
INFO: [Synth 8-11241] undeclared symbol 'tms_int', assumed default net type 'wire' [/home/vini/Documents/FPGA/GIF4202_Lab3/numero9/numero9.gen/sources_1/bd/numero8_block/ip/numero8_block_dvi2rgb_0_0/src/ila_refclk/hdl/verilog/xsdbm_v3_0_0_bs_core_ext.vh:109]
INFO: [Synth 8-11241] undeclared symbol 'runtest_int', assumed default net type 'wire' [/home/vini/Documents/FPGA/GIF4202_Lab3/numero9/numero9.gen/sources_1/bd/numero8_block/ip/numero8_block_dvi2rgb_0_0/src/ila_refclk/hdl/verilog/xsdbm_v3_0_0_bs_core_ext.vh:111]
INFO: [Synth 8-11241] undeclared symbol 'tms_int', assumed default net type 'wire' [/home/vini/Documents/FPGA/GIF4202_Lab3/numero9/numero9.gen/sources_1/bd/numero8_block/ip/numero8_block_dvi2rgb_0_0/src/ila_refclk/hdl/verilog/xsdbm_v3_0_0_bs_core_ext.vh:150]
INFO: [Synth 8-11241] undeclared symbol 'runtest_int', assumed default net type 'wire' [/home/vini/Documents/FPGA/GIF4202_Lab3/numero9/numero9.gen/sources_1/bd/numero8_block/ip/numero8_block_dvi2rgb_0_0/src/ila_refclk/hdl/verilog/xsdbm_v3_0_0_bs_core_ext.vh:152]
INFO: [Synth 8-11241] undeclared symbol 'tms_int', assumed default net type 'wire' [/home/vini/Documents/FPGA/GIF4202_Lab3/numero9/numero9.gen/sources_1/bd/numero8_block/ip/numero8_block_dvi2rgb_0_0/src/ila_refclk/hdl/verilog/xsdbm_v3_0_0_bs_core_ext.vh:192]
INFO: [Synth 8-11241] undeclared symbol 'runtest_int', assumed default net type 'wire' [/home/vini/Documents/FPGA/GIF4202_Lab3/numero9/numero9.gen/sources_1/bd/numero8_block/ip/numero8_block_dvi2rgb_0_0/src/ila_refclk/hdl/verilog/xsdbm_v3_0_0_bs_core_ext.vh:194]
INFO: [Synth 8-11241] undeclared symbol 'tms_int', assumed default net type 'wire' [/home/vini/Documents/FPGA/GIF4202_Lab3/numero9/numero9.gen/sources_1/bd/numero8_block/ip/numero8_block_dvi2rgb_0_0/src/ila_refclk/hdl/verilog/xsdbm_v3_0_0_bs_core_ext.vh:235]
INFO: [Synth 8-11241] undeclared symbol 'runtest_int', assumed default net type 'wire' [/home/vini/Documents/FPGA/GIF4202_Lab3/numero9/numero9.gen/sources_1/bd/numero8_block/ip/numero8_block_dvi2rgb_0_0/src/ila_refclk/hdl/verilog/xsdbm_v3_0_0_bs_core_ext.vh:237]
INFO: [Synth 8-11241] undeclared symbol 'tms_int', assumed default net type 'wire' [/home/vini/Documents/FPGA/GIF4202_Lab3/numero9/numero9.gen/sources_1/bd/numero8_block/ip/numero8_block_dvi2rgb_0_0/src/ila_refclk/hdl/verilog/xsdbm_v3_0_0_bs_core_ext.vh:279]
INFO: [Synth 8-11241] undeclared symbol 'runtest_int', assumed default net type 'wire' [/home/vini/Documents/FPGA/GIF4202_Lab3/numero9/numero9.gen/sources_1/bd/numero8_block/ip/numero8_block_dvi2rgb_0_0/src/ila_refclk/hdl/verilog/xsdbm_v3_0_0_bs_core_ext.vh:281]
INFO: [Synth 8-11241] undeclared symbol 'tms_int', assumed default net type 'wire' [/home/vini/Documents/FPGA/GIF4202_Lab3/numero9/numero9.gen/sources_1/bd/numero8_block/ip/numero8_block_dvi2rgb_0_0/src/ila_refclk/hdl/verilog/xsdbm_v3_0_0_bs_core_ext.vh:324]
INFO: [Synth 8-11241] undeclared symbol 'runtest_int', assumed default net type 'wire' [/home/vini/Documents/FPGA/GIF4202_Lab3/numero9/numero9.gen/sources_1/bd/numero8_block/ip/numero8_block_dvi2rgb_0_0/src/ila_refclk/hdl/verilog/xsdbm_v3_0_0_bs_core_ext.vh:326]
INFO: [Synth 8-11241] undeclared symbol 'tms_int', assumed default net type 'wire' [/home/vini/Documents/FPGA/GIF4202_Lab3/numero9/numero9.gen/sources_1/bd/numero8_block/ip/numero8_block_dvi2rgb_0_0/src/ila_refclk/hdl/verilog/xsdbm_v3_0_0_bs_core_ext.vh:370]
INFO: [Synth 8-11241] undeclared symbol 'runtest_int', assumed default net type 'wire' [/home/vini/Documents/FPGA/GIF4202_Lab3/numero9/numero9.gen/sources_1/bd/numero8_block/ip/numero8_block_dvi2rgb_0_0/src/ila_refclk/hdl/verilog/xsdbm_v3_0_0_bs_core_ext.vh:372]
INFO: [Synth 8-11241] undeclared symbol 'tms_int', assumed default net type 'wire' [/home/vini/Documents/FPGA/GIF4202_Lab3/numero9/numero9.gen/sources_1/bd/numero8_block/ip/numero8_block_dvi2rgb_0_0/src/ila_refclk/hdl/verilog/xsdbm_v3_0_0_bs_core_ext.vh:417]
INFO: [Synth 8-11241] undeclared symbol 'runtest_int', assumed default net type 'wire' [/home/vini/Documents/FPGA/GIF4202_Lab3/numero9/numero9.gen/sources_1/bd/numero8_block/ip/numero8_block_dvi2rgb_0_0/src/ila_refclk/hdl/verilog/xsdbm_v3_0_0_bs_core_ext.vh:419]
INFO: [Synth 8-11241] undeclared symbol 'tms_int', assumed default net type 'wire' [/home/vini/Documents/FPGA/GIF4202_Lab3/numero9/numero9.gen/sources_1/bd/numero8_block/ip/numero8_block_dvi2rgb_0_0/src/ila_refclk/hdl/verilog/xsdbm_v3_0_0_bs_core_ext.vh:465]
INFO: [Synth 8-11241] undeclared symbol 'runtest_int', assumed default net type 'wire' [/home/vini/Documents/FPGA/GIF4202_Lab3/numero9/numero9.gen/sources_1/bd/numero8_block/ip/numero8_block_dvi2rgb_0_0/src/ila_refclk/hdl/verilog/xsdbm_v3_0_0_bs_core_ext.vh:467]
INFO: [Synth 8-11241] undeclared symbol 'tms_int', assumed default net type 'wire' [/home/vini/Documents/FPGA/GIF4202_Lab3/numero9/numero9.gen/sources_1/bd/numero8_block/ip/numero8_block_dvi2rgb_0_0/src/ila_refclk/hdl/verilog/xsdbm_v3_0_0_bs_core_ext.vh:514]
INFO: [Synth 8-11241] undeclared symbol 'runtest_int', assumed default net type 'wire' [/home/vini/Documents/FPGA/GIF4202_Lab3/numero9/numero9.gen/sources_1/bd/numero8_block/ip/numero8_block_dvi2rgb_0_0/src/ila_refclk/hdl/verilog/xsdbm_v3_0_0_bs_core_ext.vh:516]
INFO: [Synth 8-11241] undeclared symbol 'tms_int', assumed default net type 'wire' [/home/vini/Documents/FPGA/GIF4202_Lab3/numero9/numero9.gen/sources_1/bd/numero8_block/ip/numero8_block_dvi2rgb_0_0/src/ila_refclk/hdl/verilog/xsdbm_v3_0_0_bs_core_ext.vh:564]
INFO: [Synth 8-11241] undeclared symbol 'runtest_int', assumed default net type 'wire' [/home/vini/Documents/FPGA/GIF4202_Lab3/numero9/numero9.gen/sources_1/bd/numero8_block/ip/numero8_block_dvi2rgb_0_0/src/ila_refclk/hdl/verilog/xsdbm_v3_0_0_bs_core_ext.vh:566]
INFO: [Synth 8-11241] undeclared symbol 'tms_int', assumed default net type 'wire' [/home/vini/Documents/FPGA/GIF4202_Lab3/numero9/numero9.gen/sources_1/bd/numero8_block/ip/numero8_block_dvi2rgb_0_0/src/ila_refclk/hdl/verilog/xsdbm_v3_0_0_bs_core_ext.vh:615]
INFO: [Synth 8-11241] undeclared symbol 'runtest_int', assumed default net type 'wire' [/home/vini/Documents/FPGA/GIF4202_Lab3/numero9/numero9.gen/sources_1/bd/numero8_block/ip/numero8_block_dvi2rgb_0_0/src/ila_refclk/hdl/verilog/xsdbm_v3_0_0_bs_core_ext.vh:617]
INFO: [Synth 8-11241] undeclared symbol 'tms_int', assumed default net type 'wire' [/home/vini/Documents/FPGA/GIF4202_Lab3/numero9/numero9.gen/sources_1/bd/numero8_block/ip/numero8_block_dvi2rgb_0_0/src/ila_refclk/hdl/xsdbm_v3_0_vl_rfs.v:6554]
INFO: [Synth 8-11241] undeclared symbol 'runtest_int', assumed default net type 'wire' [/home/vini/Documents/FPGA/GIF4202_Lab3/numero9/numero9.gen/sources_1/bd/numero8_block/ip/numero8_block_dvi2rgb_0_0/src/ila_refclk/hdl/xsdbm_v3_0_vl_rfs.v:6556]
INFO: [Synth 8-11241] undeclared symbol 'tms_int', assumed default net type 'wire' [/home/vini/Documents/FPGA/GIF4202_Lab3/numero9/numero9.gen/sources_1/bd/numero8_block/ip/numero8_block_dvi2rgb_0_0/src/ila_refclk/hdl/xsdbm_v3_0_vl_rfs.v:6589]
INFO: [Synth 8-11241] undeclared symbol 'runtest_int', assumed default net type 'wire' [/home/vini/Documents/FPGA/GIF4202_Lab3/numero9/numero9.gen/sources_1/bd/numero8_block/ip/numero8_block_dvi2rgb_0_0/src/ila_refclk/hdl/xsdbm_v3_0_vl_rfs.v:6591]
INFO: [Synth 8-11241] undeclared symbol 'tms_int', assumed default net type 'wire' [/home/vini/Documents/FPGA/GIF4202_Lab3/numero9/numero9.gen/sources_1/bd/numero8_block/ip/numero8_block_dvi2rgb_0_0/src/ila_refclk/hdl/verilog/xsdbm_v3_0_0_bs_core.vh:30]
INFO: [Synth 8-11241] undeclared symbol 'runtest_int', assumed default net type 'wire' [/home/vini/Documents/FPGA/GIF4202_Lab3/numero9/numero9.gen/sources_1/bd/numero8_block/ip/numero8_block_dvi2rgb_0_0/src/ila_refclk/hdl/verilog/xsdbm_v3_0_0_bs_core.vh:32]
INFO: [Synth 8-11241] undeclared symbol 'tms_int', assumed default net type 'wire' [/home/vini/Documents/FPGA/GIF4202_Lab3/numero9/numero9.gen/sources_1/bd/numero8_block/ip/numero8_block_dvi2rgb_0_0/src/ila_refclk/hdl/verilog/xsdbm_v3_0_0_bs_core.vh:69]
INFO: [Synth 8-11241] undeclared symbol 'runtest_int', assumed default net type 'wire' [/home/vini/Documents/FPGA/GIF4202_Lab3/numero9/numero9.gen/sources_1/bd/numero8_block/ip/numero8_block_dvi2rgb_0_0/src/ila_refclk/hdl/verilog/xsdbm_v3_0_0_bs_core.vh:71]
INFO: [Synth 8-11241] undeclared symbol 'tms_int', assumed default net type 'wire' [/home/vini/Documents/FPGA/GIF4202_Lab3/numero9/numero9.gen/sources_1/bd/numero8_block/ip/numero8_block_dvi2rgb_0_0/src/ila_refclk/hdl/verilog/xsdbm_v3_0_0_bs_core.vh:109]
INFO: [Synth 8-11241] undeclared symbol 'runtest_int', assumed default net type 'wire' [/home/vini/Documents/FPGA/GIF4202_Lab3/numero9/numero9.gen/sources_1/bd/numero8_block/ip/numero8_block_dvi2rgb_0_0/src/ila_refclk/hdl/verilog/xsdbm_v3_0_0_bs_core.vh:111]
INFO: [Synth 8-11241] undeclared symbol 'tms_int', assumed default net type 'wire' [/home/vini/Documents/FPGA/GIF4202_Lab3/numero9/numero9.gen/sources_1/bd/numero8_block/ip/numero8_block_dvi2rgb_0_0/src/ila_refclk/hdl/verilog/xsdbm_v3_0_0_bs_core.vh:150]
INFO: [Synth 8-11241] undeclared symbol 'runtest_int', assumed default net type 'wire' [/home/vini/Documents/FPGA/GIF4202_Lab3/numero9/numero9.gen/sources_1/bd/numero8_block/ip/numero8_block_dvi2rgb_0_0/src/ila_refclk/hdl/verilog/xsdbm_v3_0_0_bs_core.vh:152]
INFO: [Synth 8-11241] undeclared symbol 'tms_int', assumed default net type 'wire' [/home/vini/Documents/FPGA/GIF4202_Lab3/numero9/numero9.gen/sources_1/bd/numero8_block/ip/numero8_block_dvi2rgb_0_0/src/ila_refclk/hdl/verilog/xsdbm_v3_0_0_bs_core.vh:192]
INFO: [Synth 8-11241] undeclared symbol 'runtest_int', assumed default net type 'wire' [/home/vini/Documents/FPGA/GIF4202_Lab3/numero9/numero9.gen/sources_1/bd/numero8_block/ip/numero8_block_dvi2rgb_0_0/src/ila_refclk/hdl/verilog/xsdbm_v3_0_0_bs_core.vh:194]
INFO: [Synth 8-11241] undeclared symbol 'tms_int', assumed default net type 'wire' [/home/vini/Documents/FPGA/GIF4202_Lab3/numero9/numero9.gen/sources_1/bd/numero8_block/ip/numero8_block_dvi2rgb_0_0/src/ila_refclk/hdl/verilog/xsdbm_v3_0_0_bs_core.vh:235]
INFO: [Synth 8-11241] undeclared symbol 'runtest_int', assumed default net type 'wire' [/home/vini/Documents/FPGA/GIF4202_Lab3/numero9/numero9.gen/sources_1/bd/numero8_block/ip/numero8_block_dvi2rgb_0_0/src/ila_refclk/hdl/verilog/xsdbm_v3_0_0_bs_core.vh:237]
INFO: [Synth 8-11241] undeclared symbol 'tms_int', assumed default net type 'wire' [/home/vini/Documents/FPGA/GIF4202_Lab3/numero9/numero9.gen/sources_1/bd/numero8_block/ip/numero8_block_dvi2rgb_0_0/src/ila_refclk/hdl/verilog/xsdbm_v3_0_0_bs_core.vh:279]
INFO: [Synth 8-11241] undeclared symbol 'runtest_int', assumed default net type 'wire' [/home/vini/Documents/FPGA/GIF4202_Lab3/numero9/numero9.gen/sources_1/bd/numero8_block/ip/numero8_block_dvi2rgb_0_0/src/ila_refclk/hdl/verilog/xsdbm_v3_0_0_bs_core.vh:281]
INFO: [Synth 8-11241] undeclared symbol 'tms_int', assumed default net type 'wire' [/home/vini/Documents/FPGA/GIF4202_Lab3/numero9/numero9.gen/sources_1/bd/numero8_block/ip/numero8_block_dvi2rgb_0_0/src/ila_refclk/hdl/verilog/xsdbm_v3_0_0_bs_core.vh:324]
INFO: [Synth 8-11241] undeclared symbol 'runtest_int', assumed default net type 'wire' [/home/vini/Documents/FPGA/GIF4202_Lab3/numero9/numero9.gen/sources_1/bd/numero8_block/ip/numero8_block_dvi2rgb_0_0/src/ila_refclk/hdl/verilog/xsdbm_v3_0_0_bs_core.vh:326]
INFO: [Synth 8-11241] undeclared symbol 'tms_int', assumed default net type 'wire' [/home/vini/Documents/FPGA/GIF4202_Lab3/numero9/numero9.gen/sources_1/bd/numero8_block/ip/numero8_block_dvi2rgb_0_0/src/ila_refclk/hdl/verilog/xsdbm_v3_0_0_bs_core.vh:370]
INFO: [Synth 8-11241] undeclared symbol 'runtest_int', assumed default net type 'wire' [/home/vini/Documents/FPGA/GIF4202_Lab3/numero9/numero9.gen/sources_1/bd/numero8_block/ip/numero8_block_dvi2rgb_0_0/src/ila_refclk/hdl/verilog/xsdbm_v3_0_0_bs_core.vh:372]
INFO: [Synth 8-11241] undeclared symbol 'tms_int', assumed default net type 'wire' [/home/vini/Documents/FPGA/GIF4202_Lab3/numero9/numero9.gen/sources_1/bd/numero8_block/ip/numero8_block_dvi2rgb_0_0/src/ila_refclk/hdl/verilog/xsdbm_v3_0_0_bs_core.vh:417]
INFO: [Synth 8-11241] undeclared symbol 'runtest_int', assumed default net type 'wire' [/home/vini/Documents/FPGA/GIF4202_Lab3/numero9/numero9.gen/sources_1/bd/numero8_block/ip/numero8_block_dvi2rgb_0_0/src/ila_refclk/hdl/verilog/xsdbm_v3_0_0_bs_core.vh:419]
INFO: [Synth 8-11241] undeclared symbol 'tms_int', assumed default net type 'wire' [/home/vini/Documents/FPGA/GIF4202_Lab3/numero9/numero9.gen/sources_1/bd/numero8_block/ip/numero8_block_dvi2rgb_0_0/src/ila_refclk/hdl/verilog/xsdbm_v3_0_0_bs_core.vh:465]
INFO: [Synth 8-11241] undeclared symbol 'runtest_int', assumed default net type 'wire' [/home/vini/Documents/FPGA/GIF4202_Lab3/numero9/numero9.gen/sources_1/bd/numero8_block/ip/numero8_block_dvi2rgb_0_0/src/ila_refclk/hdl/verilog/xsdbm_v3_0_0_bs_core.vh:467]
INFO: [Synth 8-11241] undeclared symbol 'tms_int', assumed default net type 'wire' [/home/vini/Documents/FPGA/GIF4202_Lab3/numero9/numero9.gen/sources_1/bd/numero8_block/ip/numero8_block_dvi2rgb_0_0/src/ila_refclk/hdl/verilog/xsdbm_v3_0_0_bs_core.vh:514]
INFO: [Synth 8-11241] undeclared symbol 'runtest_int', assumed default net type 'wire' [/home/vini/Documents/FPGA/GIF4202_Lab3/numero9/numero9.gen/sources_1/bd/numero8_block/ip/numero8_block_dvi2rgb_0_0/src/ila_refclk/hdl/verilog/xsdbm_v3_0_0_bs_core.vh:516]
INFO: [Synth 8-11241] undeclared symbol 'tms_int', assumed default net type 'wire' [/home/vini/Documents/FPGA/GIF4202_Lab3/numero9/numero9.gen/sources_1/bd/numero8_block/ip/numero8_block_dvi2rgb_0_0/src/ila_refclk/hdl/verilog/xsdbm_v3_0_0_bs_core.vh:564]
INFO: [Synth 8-11241] undeclared symbol 'runtest_int', assumed default net type 'wire' [/home/vini/Documents/FPGA/GIF4202_Lab3/numero9/numero9.gen/sources_1/bd/numero8_block/ip/numero8_block_dvi2rgb_0_0/src/ila_refclk/hdl/verilog/xsdbm_v3_0_0_bs_core.vh:566]
INFO: [Synth 8-11241] undeclared symbol 'tms_int', assumed default net type 'wire' [/home/vini/Documents/FPGA/GIF4202_Lab3/numero9/numero9.gen/sources_1/bd/numero8_block/ip/numero8_block_dvi2rgb_0_0/src/ila_refclk/hdl/verilog/xsdbm_v3_0_0_bs_core.vh:615]
INFO: [Synth 8-11241] undeclared symbol 'runtest_int', assumed default net type 'wire' [/home/vini/Documents/FPGA/GIF4202_Lab3/numero9/numero9.gen/sources_1/bd/numero8_block/ip/numero8_block_dvi2rgb_0_0/src/ila_refclk/hdl/verilog/xsdbm_v3_0_0_bs_core.vh:617]
INFO: [Synth 8-11241] undeclared symbol 'tms_int', assumed default net type 'wire' [/home/vini/Documents/FPGA/GIF4202_Lab3/numero9/numero9.gen/sources_1/bd/numero8_block/ip/numero8_block_dvi2rgb_0_0/src/ila_refclk/hdl/xsdbm_v3_0_vl_rfs.v:10347]
INFO: [Synth 8-11241] undeclared symbol 'runtest_int', assumed default net type 'wire' [/home/vini/Documents/FPGA/GIF4202_Lab3/numero9/numero9.gen/sources_1/bd/numero8_block/ip/numero8_block_dvi2rgb_0_0/src/ila_refclk/hdl/xsdbm_v3_0_vl_rfs.v:10349]
INFO: [Synth 8-11241] undeclared symbol 'tms_int', assumed default net type 'wire' [/home/vini/Documents/FPGA/GIF4202_Lab3/numero9/numero9.gen/sources_1/bd/numero8_block/ip/numero8_block_dvi2rgb_0_0/src/ila_refclk/hdl/xsdbm_v3_0_vl_rfs.v:10380]
INFO: [Synth 8-11241] undeclared symbol 'runtest_int', assumed default net type 'wire' [/home/vini/Documents/FPGA/GIF4202_Lab3/numero9/numero9.gen/sources_1/bd/numero8_block/ip/numero8_block_dvi2rgb_0_0/src/ila_refclk/hdl/xsdbm_v3_0_vl_rfs.v:10382]
INFO: [Synth 8-11241] undeclared symbol 'tms_int', assumed default net type 'wire' [/home/vini/Documents/FPGA/GIF4202_Lab3/numero9/numero9.gen/sources_1/bd/numero8_block/ip/numero8_block_dvi2rgb_0_0/src/ila_refclk/hdl/xsdbm_v3_0_vl_rfs.v:10413]
INFO: [Synth 8-11241] undeclared symbol 'runtest_int', assumed default net type 'wire' [/home/vini/Documents/FPGA/GIF4202_Lab3/numero9/numero9.gen/sources_1/bd/numero8_block/ip/numero8_block_dvi2rgb_0_0/src/ila_refclk/hdl/xsdbm_v3_0_vl_rfs.v:10415]
INFO: [Synth 8-11241] undeclared symbol 'tms_int', assumed default net type 'wire' [/home/vini/Documents/FPGA/GIF4202_Lab3/numero9/numero9.gen/sources_1/bd/numero8_block/ip/numero8_block_dvi2rgb_0_0/src/ila_refclk/hdl/verilog/xsdbm_v3_0_0_bs_core_vec.vh:30]
INFO: [Synth 8-11241] undeclared symbol 'runtest_int', assumed default net type 'wire' [/home/vini/Documents/FPGA/GIF4202_Lab3/numero9/numero9.gen/sources_1/bd/numero8_block/ip/numero8_block_dvi2rgb_0_0/src/ila_refclk/hdl/verilog/xsdbm_v3_0_0_bs_core_vec.vh:32]
INFO: [Synth 8-11241] undeclared symbol 'tms_int', assumed default net type 'wire' [/home/vini/Documents/FPGA/GIF4202_Lab3/numero9/numero9.gen/sources_1/bd/numero8_block/ip/numero8_block_dvi2rgb_0_0/src/ila_refclk/hdl/verilog/xsdbm_v3_0_0_bs_core_vec.vh:65]
INFO: [Synth 8-11241] undeclared symbol 'runtest_int', assumed default net type 'wire' [/home/vini/Documents/FPGA/GIF4202_Lab3/numero9/numero9.gen/sources_1/bd/numero8_block/ip/numero8_block_dvi2rgb_0_0/src/ila_refclk/hdl/verilog/xsdbm_v3_0_0_bs_core_vec.vh:67]
INFO: [Synth 8-11241] undeclared symbol 'tms_int', assumed default net type 'wire' [/home/vini/Documents/FPGA/GIF4202_Lab3/numero9/numero9.gen/sources_1/bd/numero8_block/ip/numero8_block_dvi2rgb_0_0/src/ila_refclk/hdl/verilog/xsdbm_v3_0_0_bs_core_vec.vh:100]
INFO: [Synth 8-11241] undeclared symbol 'runtest_int', assumed default net type 'wire' [/home/vini/Documents/FPGA/GIF4202_Lab3/numero9/numero9.gen/sources_1/bd/numero8_block/ip/numero8_block_dvi2rgb_0_0/src/ila_refclk/hdl/verilog/xsdbm_v3_0_0_bs_core_vec.vh:102]
INFO: [Synth 8-11241] undeclared symbol 'tms_int', assumed default net type 'wire' [/home/vini/Documents/FPGA/GIF4202_Lab3/numero9/numero9.gen/sources_1/bd/numero8_block/ip/numero8_block_dvi2rgb_0_0/src/ila_refclk/hdl/verilog/xsdbm_v3_0_0_bs_core_vec.vh:135]
INFO: [Synth 8-11241] undeclared symbol 'runtest_int', assumed default net type 'wire' [/home/vini/Documents/FPGA/GIF4202_Lab3/numero9/numero9.gen/sources_1/bd/numero8_block/ip/numero8_block_dvi2rgb_0_0/src/ila_refclk/hdl/verilog/xsdbm_v3_0_0_bs_core_vec.vh:137]
INFO: [Synth 8-11241] undeclared symbol 'tms_int', assumed default net type 'wire' [/home/vini/Documents/FPGA/GIF4202_Lab3/numero9/numero9.gen/sources_1/bd/numero8_block/ip/numero8_block_dvi2rgb_0_0/src/ila_refclk/hdl/verilog/xsdbm_v3_0_0_bs_core_vec.vh:170]
INFO: [Synth 8-11241] undeclared symbol 'runtest_int', assumed default net type 'wire' [/home/vini/Documents/FPGA/GIF4202_Lab3/numero9/numero9.gen/sources_1/bd/numero8_block/ip/numero8_block_dvi2rgb_0_0/src/ila_refclk/hdl/verilog/xsdbm_v3_0_0_bs_core_vec.vh:172]
INFO: [Synth 8-11241] undeclared symbol 'tms_int', assumed default net type 'wire' [/home/vini/Documents/FPGA/GIF4202_Lab3/numero9/numero9.gen/sources_1/bd/numero8_block/ip/numero8_block_dvi2rgb_0_0/src/ila_refclk/hdl/verilog/xsdbm_v3_0_0_bs_core_vec.vh:205]
INFO: [Synth 8-11241] undeclared symbol 'runtest_int', assumed default net type 'wire' [/home/vini/Documents/FPGA/GIF4202_Lab3/numero9/numero9.gen/sources_1/bd/numero8_block/ip/numero8_block_dvi2rgb_0_0/src/ila_refclk/hdl/verilog/xsdbm_v3_0_0_bs_core_vec.vh:207]
INFO: [Synth 8-11241] undeclared symbol 'tms_int', assumed default net type 'wire' [/home/vini/Documents/FPGA/GIF4202_Lab3/numero9/numero9.gen/sources_1/bd/numero8_block/ip/numero8_block_dvi2rgb_0_0/src/ila_refclk/hdl/verilog/xsdbm_v3_0_0_bs_core_vec.vh:240]
INFO: [Synth 8-11241] undeclared symbol 'runtest_int', assumed default net type 'wire' [/home/vini/Documents/FPGA/GIF4202_Lab3/numero9/numero9.gen/sources_1/bd/numero8_block/ip/numero8_block_dvi2rgb_0_0/src/ila_refclk/hdl/verilog/xsdbm_v3_0_0_bs_core_vec.vh:242]
INFO: [Synth 8-11241] undeclared symbol 'tms_int', assumed default net type 'wire' [/home/vini/Documents/FPGA/GIF4202_Lab3/numero9/numero9.gen/sources_1/bd/numero8_block/ip/numero8_block_dvi2rgb_0_0/src/ila_refclk/hdl/verilog/xsdbm_v3_0_0_bs_core_vec.vh:275]
INFO: [Synth 8-11241] undeclared symbol 'runtest_int', assumed default net type 'wire' [/home/vini/Documents/FPGA/GIF4202_Lab3/numero9/numero9.gen/sources_1/bd/numero8_block/ip/numero8_block_dvi2rgb_0_0/src/ila_refclk/hdl/verilog/xsdbm_v3_0_0_bs_core_vec.vh:277]
INFO: [Synth 8-11241] undeclared symbol 'tms_int', assumed default net type 'wire' [/home/vini/Documents/FPGA/GIF4202_Lab3/numero9/numero9.gen/sources_1/bd/numero8_block/ip/numero8_block_dvi2rgb_0_0/src/ila_refclk/hdl/verilog/xsdbm_v3_0_0_bs_core_vec.vh:310]
INFO: [Synth 8-11241] undeclared symbol 'runtest_int', assumed default net type 'wire' [/home/vini/Documents/FPGA/GIF4202_Lab3/numero9/numero9.gen/sources_1/bd/numero8_block/ip/numero8_block_dvi2rgb_0_0/src/ila_refclk/hdl/verilog/xsdbm_v3_0_0_bs_core_vec.vh:312]
INFO: [Synth 8-11241] undeclared symbol 'tms_int', assumed default net type 'wire' [/home/vini/Documents/FPGA/GIF4202_Lab3/numero9/numero9.gen/sources_1/bd/numero8_block/ip/numero8_block_dvi2rgb_0_0/src/ila_refclk/hdl/verilog/xsdbm_v3_0_0_bs_core_vec.vh:345]
INFO: [Synth 8-11241] undeclared symbol 'runtest_int', assumed default net type 'wire' [/home/vini/Documents/FPGA/GIF4202_Lab3/numero9/numero9.gen/sources_1/bd/numero8_block/ip/numero8_block_dvi2rgb_0_0/src/ila_refclk/hdl/verilog/xsdbm_v3_0_0_bs_core_vec.vh:347]
INFO: [Synth 8-11241] undeclared symbol 'tms_int', assumed default net type 'wire' [/home/vini/Documents/FPGA/GIF4202_Lab3/numero9/numero9.gen/sources_1/bd/numero8_block/ip/numero8_block_dvi2rgb_0_0/src/ila_refclk/hdl/verilog/xsdbm_v3_0_0_bs_core_vec.vh:380]
INFO: [Synth 8-11241] undeclared symbol 'runtest_int', assumed default net type 'wire' [/home/vini/Documents/FPGA/GIF4202_Lab3/numero9/numero9.gen/sources_1/bd/numero8_block/ip/numero8_block_dvi2rgb_0_0/src/ila_refclk/hdl/verilog/xsdbm_v3_0_0_bs_core_vec.vh:382]
INFO: [Synth 8-11241] undeclared symbol 'tms_int', assumed default net type 'wire' [/home/vini/Documents/FPGA/GIF4202_Lab3/numero9/numero9.gen/sources_1/bd/numero8_block/ip/numero8_block_dvi2rgb_0_0/src/ila_refclk/hdl/verilog/xsdbm_v3_0_0_bs_core_vec.vh:415]
INFO: [Synth 8-11241] undeclared symbol 'runtest_int', assumed default net type 'wire' [/home/vini/Documents/FPGA/GIF4202_Lab3/numero9/numero9.gen/sources_1/bd/numero8_block/ip/numero8_block_dvi2rgb_0_0/src/ila_refclk/hdl/verilog/xsdbm_v3_0_0_bs_core_vec.vh:417]
INFO: [Common 17-14] Message 'Synth 8-11241' appears 100 times and further instances of the messages will be disabled. Use the Tcl command set_msg_config to change the current settings.
WARNING: [Synth 8-10294] parameter declaration is not allowed here in this mode of Verilog [/home/vini/Documents/FPGA/GIF4202_Lab3/numero9/numero9.gen/sources_1/bd/numero8_block/ip/numero8_block_dvi2rgb_0_0/src/ila_refclk/hdl/ila_v6_2_syn_rfs.v:4527]
WARNING: [Synth 8-10294] parameter declaration is not allowed here in this mode of Verilog [/home/vini/Documents/FPGA/GIF4202_Lab3/numero9/numero9.gen/sources_1/bd/numero8_block/ip/numero8_block_dvi2rgb_0_0/src/ila_refclk/hdl/ila_v6_2_syn_rfs.v:4528]
WARNING: [Synth 8-10294] parameter declaration is not allowed here in this mode of Verilog [/home/vini/Documents/FPGA/GIF4202_Lab3/numero9/numero9.gen/sources_1/bd/numero8_block/ip/numero8_block_dvi2rgb_0_0/src/ila_refclk/hdl/ila_v6_2_syn_rfs.v:4529]
WARNING: [Synth 8-10294] parameter declaration is not allowed here in this mode of Verilog [/home/vini/Documents/FPGA/GIF4202_Lab3/numero9/numero9.gen/sources_1/bd/numero8_block/ip/numero8_block_dvi2rgb_0_0/src/ila_refclk/hdl/ila_v6_2_syn_rfs.v:4530]
WARNING: [Synth 8-10294] parameter declaration is not allowed here in this mode of Verilog [/home/vini/Documents/FPGA/GIF4202_Lab3/numero9/numero9.gen/sources_1/bd/numero8_block/ip/numero8_block_dvi2rgb_0_0/src/ila_refclk/hdl/ila_v6_2_syn_rfs.v:4531]
WARNING: [Synth 8-10294] parameter declaration is not allowed here in this mode of Verilog [/home/vini/Documents/FPGA/GIF4202_Lab3/numero9/numero9.gen/sources_1/bd/numero8_block/ip/numero8_block_dvi2rgb_0_0/src/ila_refclk/hdl/ila_v6_2_syn_rfs.v:4532]
WARNING: [Synth 8-10294] parameter declaration is not allowed here in this mode of Verilog [/home/vini/Documents/FPGA/GIF4202_Lab3/numero9/numero9.gen/sources_1/bd/numero8_block/ip/numero8_block_dvi2rgb_0_0/src/ila_refclk/hdl/ila_v6_2_syn_rfs.v:4586]
WARNING: [Synth 8-10294] parameter declaration is not allowed here in this mode of Verilog [/home/vini/Documents/FPGA/GIF4202_Lab3/numero9/numero9.gen/sources_1/bd/numero8_block/ip/numero8_block_dvi2rgb_0_0/src/ila_refclk/hdl/ila_v6_2_syn_rfs.v:4587]
WARNING: [Synth 8-10294] parameter declaration is not allowed here in this mode of Verilog [/home/vini/Documents/FPGA/GIF4202_Lab3/numero9/numero9.gen/sources_1/bd/numero8_block/ip/numero8_block_dvi2rgb_0_0/src/ila_refclk/hdl/ila_v6_2_syn_rfs.v:4588]
WARNING: [Synth 8-10294] parameter declaration is not allowed here in this mode of Verilog [/home/vini/Documents/FPGA/GIF4202_Lab3/numero9/numero9.gen/sources_1/bd/numero8_block/ip/numero8_block_dvi2rgb_0_0/src/ila_refclk/hdl/ila_v6_2_syn_rfs.v:5486]
---------------------------------------------------------------------------------
Starting RTL Elaboration : Time (s): cpu = 00:00:11 ; elapsed = 00:00:34 . Memory (MB): peak = 2031.008 ; gain = 377.801 ; free physical = 235 ; free virtual = 406
Synthesis current peak Physical Memory [PSS] (MB): peak = 1209.519; parent = 1095.798; children = 113.721
Synthesis current peak Virtual Memory [VSS] (MB): peak = 3079.727; parent = 2054.824; children = 1024.902
---------------------------------------------------------------------------------
WARNING: [Synth 8-9112] actual for formal port 'arst' is neither a static name nor a globally static expression [/home/vini/Documents/FPGA/GIF4202_Lab3/numero9/numero9.gen/sources_1/bd/numero8_block/ipshared/f99d/src/TMDS_Clocking.vhd:135]
WARNING: [Synth 8-9112] actual for formal port 'arst' is neither a static name nor a globally static expression [/home/vini/Documents/FPGA/GIF4202_Lab3/numero9/numero9.gen/sources_1/bd/numero8_block/ipshared/f99d/src/dvi2rgb.vhd:212]
WARNING: [Synth 8-9112] actual for formal port 'potherchrdy' is neither a static name nor a globally static expression [/home/vini/Documents/FPGA/GIF4202_Lab3/numero9/numero9.gen/sources_1/bd/numero8_block/ipshared/f99d/src/dvi2rgb.vhd:244]
WARNING: [Synth 8-9112] actual for formal port 'potherchvld' is neither a static name nor a globally static expression [/home/vini/Documents/FPGA/GIF4202_Lab3/numero9/numero9.gen/sources_1/bd/numero8_block/ipshared/f99d/src/dvi2rgb.vhd:245]
INFO: [Synth 8-638] synthesizing module 'numero8_block_dvi2rgb_0_0' [/home/vini/Documents/FPGA/GIF4202_Lab3/numero9/numero9.gen/sources_1/bd/numero8_block/ip/numero8_block_dvi2rgb_0_0/synth/numero8_block_dvi2rgb_0_0.vhd:81]
	Parameter kEmulateDDC bound to: 1 - type: bool 
	Parameter kRstActiveHigh bound to: 1 - type: bool 
	Parameter kClkRange bound to: 2 - type: integer 
	Parameter kIDLY_TapValuePs bound to: 78 - type: integer 
	Parameter kIDLY_TapWidth bound to: 5 - type: integer 
	Parameter kAddBUFG bound to: 1 - type: bool 
	Parameter kEdidFileName bound to: dgl_720p_cea.data - type: string 
	Parameter kDebug bound to: 0 - type: bool 
INFO: [Synth 8-3491] module 'dvi2rgb' declared at '/home/vini/Documents/FPGA/GIF4202_Lab3/numero9/numero9.gen/sources_1/bd/numero8_block/ipshared/f99d/src/dvi2rgb.vhd:64' bound to instance 'U0' of component 'dvi2rgb' [/home/vini/Documents/FPGA/GIF4202_Lab3/numero9/numero9.gen/sources_1/bd/numero8_block/ip/numero8_block_dvi2rgb_0_0/synth/numero8_block_dvi2rgb_0_0.vhd:149]
INFO: [Synth 8-638] synthesizing module 'dvi2rgb' [/home/vini/Documents/FPGA/GIF4202_Lab3/numero9/numero9.gen/sources_1/bd/numero8_block/ipshared/f99d/src/dvi2rgb.vhd:112]
INFO: [Synth 8-638] synthesizing module 'TMDS_Clocking' [/home/vini/Documents/FPGA/GIF4202_Lab3/numero9/numero9.gen/sources_1/bd/numero8_block/ipshared/f99d/src/TMDS_Clocking.vhd:82]
INFO: [Synth 8-638] synthesizing module 'ResetBridge' [/home/vini/Documents/FPGA/GIF4202_Lab3/numero9/numero9.gen/sources_1/bd/numero8_block/ipshared/f99d/src/SyncAsyncReset.vhd:72]
INFO: [Synth 8-638] synthesizing module 'SyncAsync' [/home/vini/Documents/FPGA/GIF4202_Lab3/numero9/numero9.gen/sources_1/bd/numero8_block/ipshared/f99d/src/SyncAsync.vhd:72]
INFO: [Synth 8-256] done synthesizing module 'SyncAsync' (0#1) [/home/vini/Documents/FPGA/GIF4202_Lab3/numero9/numero9.gen/sources_1/bd/numero8_block/ipshared/f99d/src/SyncAsync.vhd:72]
INFO: [Synth 8-256] done synthesizing module 'ResetBridge' (0#1) [/home/vini/Documents/FPGA/GIF4202_Lab3/numero9/numero9.gen/sources_1/bd/numero8_block/ipshared/f99d/src/SyncAsyncReset.vhd:72]
INFO: [Synth 8-113] binding component instance 'IDelayCtrlX' to cell 'IDELAYCTRL' [/home/vini/Documents/FPGA/GIF4202_Lab3/numero9/numero9.gen/sources_1/bd/numero8_block/ipshared/f99d/src/TMDS_Clocking.vhd:125]
	Parameter DIFF_TERM bound to: 0 - type: bool 
	Parameter IBUF_LOW_PWR bound to: 1 - type: bool 
	Parameter IOSTANDARD bound to: TMDS_33 - type: string 
INFO: [Synth 8-113] binding component instance 'InputBuffer' to cell 'IBUFDS' [/home/vini/Documents/FPGA/GIF4202_Lab3/numero9/numero9.gen/sources_1/bd/numero8_block/ipshared/f99d/src/TMDS_Clocking.vhd:139]
	Parameter BANDWIDTH bound to: OPTIMIZED - type: string 
	Parameter CLKFBOUT_MULT_F bound to: 10.000000 - type: double 
	Parameter CLKFBOUT_PHASE bound to: 0.000000 - type: double 
	Parameter CLKFBOUT_USE_FINE_PS bound to: 0 - type: bool 
	Parameter CLKIN1_PERIOD bound to: 12.000000 - type: double 
	Parameter CLKOUT0_DIVIDE_F bound to: 2.000000 - type: double 
	Parameter CLKOUT0_DUTY_CYCLE bound to: 0.500000 - type: double 
	Parameter CLKOUT0_PHASE bound to: 0.000000 - type: double 
	Parameter CLKOUT0_USE_FINE_PS bound to: 0 - type: bool 
	Parameter CLKOUT4_CASCADE bound to: 0 - type: bool 
	Parameter COMPENSATION bound to: ZHOLD - type: string 
	Parameter DIVCLK_DIVIDE bound to: 1 - type: integer 
	Parameter REF_JITTER1 bound to: 0.010000 - type: double 
	Parameter STARTUP_WAIT bound to: 0 - type: bool 
INFO: [Synth 8-113] binding component instance 'DVI_ClkGenerator' to cell 'MMCME2_ADV' [/home/vini/Documents/FPGA/GIF4202_Lab3/numero9/numero9.gen/sources_1/bd/numero8_block/ipshared/f99d/src/TMDS_Clocking.vhd:180]
INFO: [Synth 8-113] binding component instance 'SerialClkBuffer' to cell 'BUFIO' [/home/vini/Documents/FPGA/GIF4202_Lab3/numero9/numero9.gen/sources_1/bd/numero8_block/ipshared/f99d/src/TMDS_Clocking.vhd:239]
	Parameter BUFR_DIVIDE bound to: 5 - type: string 
	Parameter SIM_DEVICE bound to: 7SERIES - type: string 
INFO: [Synth 8-113] binding component instance 'PixelClkBuffer' to cell 'BUFR' [/home/vini/Documents/FPGA/GIF4202_Lab3/numero9/numero9.gen/sources_1/bd/numero8_block/ipshared/f99d/src/TMDS_Clocking.vhd:245]
INFO: [Synth 8-638] synthesizing module 'SyncAsync__parameterized0' [/home/vini/Documents/FPGA/GIF4202_Lab3/numero9/numero9.gen/sources_1/bd/numero8_block/ipshared/f99d/src/SyncAsync.vhd:72]
INFO: [Synth 8-256] done synthesizing module 'SyncAsync__parameterized0' (0#1) [/home/vini/Documents/FPGA/GIF4202_Lab3/numero9/numero9.gen/sources_1/bd/numero8_block/ipshared/f99d/src/SyncAsync.vhd:72]
INFO: [Synth 8-256] done synthesizing module 'TMDS_Clocking' (0#1) [/home/vini/Documents/FPGA/GIF4202_Lab3/numero9/numero9.gen/sources_1/bd/numero8_block/ipshared/f99d/src/TMDS_Clocking.vhd:82]
INFO: [Synth 8-638] synthesizing module 'ResetBridge__parameterized0' [/home/vini/Documents/FPGA/GIF4202_Lab3/numero9/numero9.gen/sources_1/bd/numero8_block/ipshared/f99d/src/SyncAsyncReset.vhd:72]
INFO: [Synth 8-638] synthesizing module 'SyncAsync__parameterized1' [/home/vini/Documents/FPGA/GIF4202_Lab3/numero9/numero9.gen/sources_1/bd/numero8_block/ipshared/f99d/src/SyncAsync.vhd:72]
INFO: [Synth 8-256] done synthesizing module 'SyncAsync__parameterized1' (0#1) [/home/vini/Documents/FPGA/GIF4202_Lab3/numero9/numero9.gen/sources_1/bd/numero8_block/ipshared/f99d/src/SyncAsync.vhd:72]
INFO: [Synth 8-256] done synthesizing module 'ResetBridge__parameterized0' (0#1) [/home/vini/Documents/FPGA/GIF4202_Lab3/numero9/numero9.gen/sources_1/bd/numero8_block/ipshared/f99d/src/SyncAsyncReset.vhd:72]
INFO: [Synth 8-638] synthesizing module 'TMDS_Decoder' [/home/vini/Documents/FPGA/GIF4202_Lab3/numero9/numero9.gen/sources_1/bd/numero8_block/ipshared/f99d/src/TMDS_Decoder.vhd:98]
INFO: [Synth 8-638] synthesizing module 'InputSERDES' [/home/vini/Documents/FPGA/GIF4202_Lab3/numero9/numero9.gen/sources_1/bd/numero8_block/ipshared/f99d/src/InputSERDES.vhd:85]
	Parameter DIFF_TERM bound to: 0 - type: bool 
	Parameter IOSTANDARD bound to: TMDS_33 - type: string 
INFO: [Synth 8-113] binding component instance 'InputBuffer' to cell 'IBUFDS' [/home/vini/Documents/FPGA/GIF4202_Lab3/numero9/numero9.gen/sources_1/bd/numero8_block/ipshared/f99d/src/InputSERDES.vhd:92]
	Parameter CINVCTRL_SEL bound to: FALSE - type: string 
	Parameter DELAY_SRC bound to: IDATAIN - type: string 
	Parameter HIGH_PERFORMANCE_MODE bound to: TRUE - type: string 
	Parameter IDELAY_TYPE bound to: VARIABLE - type: string 
	Parameter IDELAY_VALUE bound to: 0 - type: integer 
	Parameter PIPE_SEL bound to: FALSE - type: string 
	Parameter REFCLK_FREQUENCY bound to: 200.000000 - type: double 
	Parameter SIGNAL_PATTERN bound to: DATA - type: string 
INFO: [Synth 8-113] binding component instance 'InputDelay' to cell 'IDELAYE2' [/home/vini/Documents/FPGA/GIF4202_Lab3/numero9/numero9.gen/sources_1/bd/numero8_block/ipshared/f99d/src/InputSERDES.vhd:102]
	Parameter DATA_RATE bound to: DDR - type: string 
	Parameter DATA_WIDTH bound to: 10 - type: integer 
	Parameter DYN_CLKDIV_INV_EN bound to: FALSE - type: string 
	Parameter DYN_CLK_INV_EN bound to: FALSE - type: string 
	Parameter INTERFACE_TYPE bound to: NETWORKING - type: string 
	Parameter IOBDELAY bound to: IFD - type: string 
	Parameter NUM_CE bound to: 2 - type: integer 
	Parameter OFB_USED bound to: FALSE - type: string 
	Parameter SERDES_MODE bound to: MASTER - type: string 
INFO: [Synth 8-113] binding component instance 'DeserializerMaster' to cell 'ISERDESE2' [/home/vini/Documents/FPGA/GIF4202_Lab3/numero9/numero9.gen/sources_1/bd/numero8_block/ipshared/f99d/src/InputSERDES.vhd:130]
	Parameter DATA_RATE bound to: DDR - type: string 
	Parameter DATA_WIDTH bound to: 10 - type: integer 
	Parameter DYN_CLKDIV_INV_EN bound to: FALSE - type: string 
	Parameter DYN_CLK_INV_EN bound to: FALSE - type: string 
	Parameter INTERFACE_TYPE bound to: NETWORKING - type: string 
	Parameter IOBDELAY bound to: IFD - type: string 
	Parameter NUM_CE bound to: 2 - type: integer 
	Parameter OFB_USED bound to: FALSE - type: string 
	Parameter SERDES_MODE bound to: SLAVE - type: string 
INFO: [Synth 8-113] binding component instance 'DeserializerSlave' to cell 'ISERDESE2' [/home/vini/Documents/FPGA/GIF4202_Lab3/numero9/numero9.gen/sources_1/bd/numero8_block/ipshared/f99d/src/InputSERDES.vhd:172]
INFO: [Synth 8-256] done synthesizing module 'InputSERDES' (0#1) [/home/vini/Documents/FPGA/GIF4202_Lab3/numero9/numero9.gen/sources_1/bd/numero8_block/ipshared/f99d/src/InputSERDES.vhd:85]
INFO: [Synth 8-638] synthesizing module 'SyncBase' [/home/vini/Documents/FPGA/GIF4202_Lab3/numero9/numero9.gen/sources_1/bd/numero8_block/ipshared/f99d/src/SyncBase.vhd:74]
INFO: [Synth 8-256] done synthesizing module 'SyncBase' (0#1) [/home/vini/Documents/FPGA/GIF4202_Lab3/numero9/numero9.gen/sources_1/bd/numero8_block/ipshared/f99d/src/SyncBase.vhd:74]
INFO: [Synth 8-638] synthesizing module 'SyncBase__parameterized0' [/home/vini/Documents/FPGA/GIF4202_Lab3/numero9/numero9.gen/sources_1/bd/numero8_block/ipshared/f99d/src/SyncBase.vhd:74]
INFO: [Synth 8-256] done synthesizing module 'SyncBase__parameterized0' (0#1) [/home/vini/Documents/FPGA/GIF4202_Lab3/numero9/numero9.gen/sources_1/bd/numero8_block/ipshared/f99d/src/SyncBase.vhd:74]
INFO: [Synth 8-638] synthesizing module 'PhaseAlign' [/home/vini/Documents/FPGA/GIF4202_Lab3/numero9/numero9.gen/sources_1/bd/numero8_block/ipshared/f99d/src/PhaseAlign.vhd:95]
INFO: [Synth 8-256] done synthesizing module 'PhaseAlign' (0#1) [/home/vini/Documents/FPGA/GIF4202_Lab3/numero9/numero9.gen/sources_1/bd/numero8_block/ipshared/f99d/src/PhaseAlign.vhd:95]
INFO: [Synth 8-638] synthesizing module 'ChannelBond' [/home/vini/Documents/FPGA/GIF4202_Lab3/numero9/numero9.gen/sources_1/bd/numero8_block/ipshared/f99d/src/ChannelBond.vhd:74]
INFO: [Synth 8-256] done synthesizing module 'ChannelBond' (0#1) [/home/vini/Documents/FPGA/GIF4202_Lab3/numero9/numero9.gen/sources_1/bd/numero8_block/ipshared/f99d/src/ChannelBond.vhd:74]
INFO: [Synth 8-256] done synthesizing module 'TMDS_Decoder' (0#1) [/home/vini/Documents/FPGA/GIF4202_Lab3/numero9/numero9.gen/sources_1/bd/numero8_block/ipshared/f99d/src/TMDS_Decoder.vhd:98]
INFO: [Synth 8-638] synthesizing module 'ResyncToBUFG' [/home/vini/Documents/FPGA/GIF4202_Lab3/numero9/numero9.gen/sources_1/bd/numero8_block/ipshared/f99d/src/ResyncToBUFG.vhd:78]
INFO: [Synth 8-113] binding component instance 'InstBUFG' to cell 'BUFG' [/home/vini/Documents/FPGA/GIF4202_Lab3/numero9/numero9.gen/sources_1/bd/numero8_block/ipshared/f99d/src/ResyncToBUFG.vhd:84]
INFO: [Synth 8-256] done synthesizing module 'ResyncToBUFG' (0#1) [/home/vini/Documents/FPGA/GIF4202_Lab3/numero9/numero9.gen/sources_1/bd/numero8_block/ipshared/f99d/src/ResyncToBUFG.vhd:78]
INFO: [Synth 8-638] synthesizing module 'EEPROM_8b' [/home/vini/Documents/FPGA/GIF4202_Lab3/numero9/numero9.gen/sources_1/bd/numero8_block/ipshared/f99d/src/EEPROM_8b.vhd:85]
INFO: [Synth 8-638] synthesizing module 'TWI_SlaveCtl' [/home/vini/Documents/FPGA/GIF4202_Lab3/numero9/numero9.gen/sources_1/bd/numero8_block/ipshared/f99d/src/TWI_SlaveCtl.vhd:87]
INFO: [Synth 8-638] synthesizing module 'GlitchFilter' [/home/vini/Documents/FPGA/GIF4202_Lab3/numero9/numero9.gen/sources_1/bd/numero8_block/ipshared/f99d/src/GlitchFilter.vhd:69]
INFO: [Synth 8-256] done synthesizing module 'GlitchFilter' (0#1) [/home/vini/Documents/FPGA/GIF4202_Lab3/numero9/numero9.gen/sources_1/bd/numero8_block/ipshared/f99d/src/GlitchFilter.vhd:69]
INFO: [Synth 8-256] done synthesizing module 'TWI_SlaveCtl' (0#1) [/home/vini/Documents/FPGA/GIF4202_Lab3/numero9/numero9.gen/sources_1/bd/numero8_block/ipshared/f99d/src/TWI_SlaveCtl.vhd:87]
INFO: [Synth 8-226] default block is never used [/home/vini/Documents/FPGA/GIF4202_Lab3/numero9/numero9.gen/sources_1/bd/numero8_block/ipshared/f99d/src/EEPROM_8b.vhd:201]
INFO: [Synth 8-256] done synthesizing module 'EEPROM_8b' (0#1) [/home/vini/Documents/FPGA/GIF4202_Lab3/numero9/numero9.gen/sources_1/bd/numero8_block/ipshared/f99d/src/EEPROM_8b.vhd:85]
INFO: [Synth 8-256] done synthesizing module 'dvi2rgb' (0#1) [/home/vini/Documents/FPGA/GIF4202_Lab3/numero9/numero9.gen/sources_1/bd/numero8_block/ipshared/f99d/src/dvi2rgb.vhd:112]
INFO: [Synth 8-256] done synthesizing module 'numero8_block_dvi2rgb_0_0' (0#1) [/home/vini/Documents/FPGA/GIF4202_Lab3/numero9/numero9.gen/sources_1/bd/numero8_block/ip/numero8_block_dvi2rgb_0_0/synth/numero8_block_dvi2rgb_0_0.vhd:81]
WARNING: [Synth 8-6014] Unused sequential element pTkn0FlagQ_reg was removed.  [/home/vini/Documents/FPGA/GIF4202_Lab3/numero9/numero9.gen/sources_1/bd/numero8_block/ipshared/f99d/src/PhaseAlign.vhd:172]
WARNING: [Synth 8-6014] Unused sequential element pTkn1FlagQ_reg was removed.  [/home/vini/Documents/FPGA/GIF4202_Lab3/numero9/numero9.gen/sources_1/bd/numero8_block/ipshared/f99d/src/PhaseAlign.vhd:173]
WARNING: [Synth 8-6014] Unused sequential element pTkn2FlagQ_reg was removed.  [/home/vini/Documents/FPGA/GIF4202_Lab3/numero9/numero9.gen/sources_1/bd/numero8_block/ipshared/f99d/src/PhaseAlign.vhd:174]
WARNING: [Synth 8-6014] Unused sequential element pTkn3FlagQ_reg was removed.  [/home/vini/Documents/FPGA/GIF4202_Lab3/numero9/numero9.gen/sources_1/bd/numero8_block/ipshared/f99d/src/PhaseAlign.vhd:175]
WARNING: [Synth 8-6014] Unused sequential element pDelayFastOvf_reg was removed.  [/home/vini/Documents/FPGA/GIF4202_Lab3/numero9/numero9.gen/sources_1/bd/numero8_block/ipshared/f99d/src/PhaseAlign.vhd:209]
WARNING: [Synth 8-7129] Port aRst_n in module dvi2rgb is either unconnected or has no load
WARNING: [Synth 8-7129] Port pRst_n in module dvi2rgb is either unconnected or has no load
---------------------------------------------------------------------------------
Finished RTL Elaboration : Time (s): cpu = 00:00:27 ; elapsed = 00:02:16 . Memory (MB): peak = 2313.789 ; gain = 660.582 ; free physical = 727 ; free virtual = 1087
Synthesis current peak Physical Memory [PSS] (MB): peak = 1400.538; parent = 1287.694; children = 113.721
Synthesis current peak Virtual Memory [VSS] (MB): peak = 3338.695; parent = 2313.793; children = 1024.902
---------------------------------------------------------------------------------
---------------------------------------------------------------------------------
Start Handling Custom Attributes
---------------------------------------------------------------------------------
---------------------------------------------------------------------------------
Finished Handling Custom Attributes : Time (s): cpu = 00:00:28 ; elapsed = 00:02:16 . Memory (MB): peak = 2313.789 ; gain = 660.582 ; free physical = 686 ; free virtual = 1054
Synthesis current peak Physical Memory [PSS] (MB): peak = 1400.538; parent = 1287.694; children = 113.721
Synthesis current peak Virtual Memory [VSS] (MB): peak = 3338.695; parent = 2313.793; children = 1024.902
---------------------------------------------------------------------------------
---------------------------------------------------------------------------------
Finished RTL Optimization Phase 1 : Time (s): cpu = 00:00:28 ; elapsed = 00:02:16 . Memory (MB): peak = 2313.789 ; gain = 660.582 ; free physical = 680 ; free virtual = 1051
Synthesis current peak Physical Memory [PSS] (MB): peak = 1400.538; parent = 1287.694; children = 113.721
Synthesis current peak Virtual Memory [VSS] (MB): peak = 3338.695; parent = 2313.793; children = 1024.902
---------------------------------------------------------------------------------
Netlist sorting complete. Time (s): cpu = 00:00:00.02 ; elapsed = 00:00:00.02 . Memory (MB): peak = 2313.789 ; gain = 0.000 ; free physical = 615 ; free virtual = 1005
INFO: [Netlist 29-17] Analyzing 15 Unisim elements for replacement
INFO: [Netlist 29-28] Unisim Transformation completed in 0 CPU seconds
INFO: [Project 1-570] Preparing netlist for logic optimization

Processing XDC Constraints
Initializing timing engine
Parsing XDC File [/home/vini/Documents/FPGA/GIF4202_Lab3/numero9/numero9.gen/sources_1/bd/numero8_block/ip/numero8_block_dvi2rgb_0_0/src/dvi2rgb_ooc.xdc] for cell 'U0'
Finished Parsing XDC File [/home/vini/Documents/FPGA/GIF4202_Lab3/numero9/numero9.gen/sources_1/bd/numero8_block/ip/numero8_block_dvi2rgb_0_0/src/dvi2rgb_ooc.xdc] for cell 'U0'
CRITICAL WARNING: [Designutils 20-1280] Could not find module 'ila_refclk'. The XDC file /home/vini/Documents/FPGA/GIF4202_Lab3/numero9/numero9.gen/sources_1/bd/numero8_block/ip/numero8_block_dvi2rgb_0_0/src/ila_refclk/ila_v6_2/constraints/ila.xdc will not be read for any cell of this module.
CRITICAL WARNING: [Designutils 20-1280] Could not find module 'ila_pixclk'. The XDC file /home/vini/Documents/FPGA/GIF4202_Lab3/numero9/numero9.gen/sources_1/bd/numero8_block/ip/numero8_block_dvi2rgb_0_0/src/ila_pixclk/ila_v6_2/constraints/ila.xdc will not be read for any cell of this module.
Parsing XDC File [/home/vini/Documents/FPGA/GIF4202_Lab3/numero9/numero9.gen/sources_1/bd/numero8_block/ip/numero8_block_dvi2rgb_0_0/src/dvi2rgb.xdc] for cell 'U0'
Finished Parsing XDC File [/home/vini/Documents/FPGA/GIF4202_Lab3/numero9/numero9.gen/sources_1/bd/numero8_block/ip/numero8_block_dvi2rgb_0_0/src/dvi2rgb.xdc] for cell 'U0'
Parsing XDC File [/home/vini/Documents/FPGA/GIF4202_Lab3/numero9/numero9.runs/numero8_block_dvi2rgb_0_0_synth_1/dont_touch.xdc]
Finished Parsing XDC File [/home/vini/Documents/FPGA/GIF4202_Lab3/numero9/numero9.runs/numero8_block_dvi2rgb_0_0_synth_1/dont_touch.xdc]
INFO: [Project 1-236] Implementation specific constraints were found while reading constraint file [/home/vini/Documents/FPGA/GIF4202_Lab3/numero9/numero9.runs/numero8_block_dvi2rgb_0_0_synth_1/dont_touch.xdc]. These constraints will be ignored for synthesis but will be used in implementation. Impacted constraints are listed in the file [.Xil/numero8_block_dvi2rgb_0_0_propImpl.xdc].
Resolution: To avoid this warning, move constraints listed in [.Xil/numero8_block_dvi2rgb_0_0_propImpl.xdc] to another XDC file and exclude this new file from synthesis with the used_in_synthesis property (File Properties dialog in GUI) and re-run elaboration/synthesis.
INFO: [Timing 38-2] Deriving generated clocks
Parsing XDC File [/home/vini/Documents/FPGA/GIF4202_Lab3/numero9/numero9.gen/sources_1/bd/numero8_block/ip/numero8_block_dvi2rgb_0_0/src/ila_timing_workaround.xdc] for cell 'U0'
WARNING: [Vivado 12-508] No pins matched 'get_pins -hierarchical -filter { NAME =~  "*ila_core_inst/u_ila_cap_ctrl/u_cap_addrgen/u_cap_window_counter/u_wcnt_lcmp/allx_typeA_match_detection.ltlib_v1_0_0_allx_typeA_inst/DUT/I_WHOLE_SLICE.G_SLICE_IDX[*].U_ALL_SRL_SLICE/u_srl*/S*/CLK*"}'. [/home/vini/Documents/FPGA/GIF4202_Lab3/numero9/numero9.gen/sources_1/bd/numero8_block/ip/numero8_block_dvi2rgb_0_0/src/ila_timing_workaround.xdc:10]
WARNING: [Vivado 12-180] No cells matched 'get_cells -hierarchical -filter { NAME =~  "*ila_core_inst/u_ila_cap_ctrl/u_cap_addrgen/u_cap_window_counter/u_wcnt_lcmp_q*" && IS_SEQUENTIAL }'. [/home/vini/Documents/FPGA/GIF4202_Lab3/numero9/numero9.gen/sources_1/bd/numero8_block/ip/numero8_block_dvi2rgb_0_0/src/ila_timing_workaround.xdc:10]
CRITICAL WARNING: [Vivado 12-4739] set_false_path:No valid object(s) found for '-from [get_pins -hierarchical -filter { NAME =~  "*ila_core_inst/u_ila_cap_ctrl/u_cap_addrgen/u_cap_window_counter/u_wcnt_lcmp/allx_typeA_match_detection.ltlib_v1_0_0_allx_typeA_inst/DUT/I_WHOLE_SLICE.G_SLICE_IDX[*].U_ALL_SRL_SLICE/u_srl*/S*/CLK*"}]'. [/home/vini/Documents/FPGA/GIF4202_Lab3/numero9/numero9.gen/sources_1/bd/numero8_block/ip/numero8_block_dvi2rgb_0_0/src/ila_timing_workaround.xdc:10]
Resolution: Check if the specified object(s) exists in the current design. If it does, ensure that the correct design hierarchy was specified for the object. If you are working with clocks, make sure create_clock was used to create the clock object before it is referenced.
WARNING: [Vivado 12-508] No pins matched 'get_pins -hierarchical -filter { NAME =~  "*ila_core_inst/u_ila_cap_ctrl/u_cap_addrgen/u_cap_window_counter/u_wcnt_hcmp/allx_typeA_match_detection.ltlib_v1_0_0_allx_typeA_inst/DUT/I_WHOLE_SLICE.G_SLICE_IDX[*].U_ALL_SRL_SLICE/u_srl*/S*/CLK*"}'. [/home/vini/Documents/FPGA/GIF4202_Lab3/numero9/numero9.gen/sources_1/bd/numero8_block/ip/numero8_block_dvi2rgb_0_0/src/ila_timing_workaround.xdc:11]
WARNING: [Vivado 12-180] No cells matched 'get_cells -hierarchical -filter { NAME =~  "*ila_core_inst/u_ila_cap_ctrl/u_cap_addrgen/u_cap_window_counter/u_wcnt_hcmp_q*" && IS_SEQUENTIAL }'. [/home/vini/Documents/FPGA/GIF4202_Lab3/numero9/numero9.gen/sources_1/bd/numero8_block/ip/numero8_block_dvi2rgb_0_0/src/ila_timing_workaround.xdc:11]
CRITICAL WARNING: [Vivado 12-4739] set_false_path:No valid object(s) found for '-from [get_pins -hierarchical -filter { NAME =~  "*ila_core_inst/u_ila_cap_ctrl/u_cap_addrgen/u_cap_window_counter/u_wcnt_hcmp/allx_typeA_match_detection.ltlib_v1_0_0_allx_typeA_inst/DUT/I_WHOLE_SLICE.G_SLICE_IDX[*].U_ALL_SRL_SLICE/u_srl*/S*/CLK*"}]'. [/home/vini/Documents/FPGA/GIF4202_Lab3/numero9/numero9.gen/sources_1/bd/numero8_block/ip/numero8_block_dvi2rgb_0_0/src/ila_timing_workaround.xdc:11]
Resolution: Check if the specified object(s) exists in the current design. If it does, ensure that the correct design hierarchy was specified for the object. If you are working with clocks, make sure create_clock was used to create the clock object before it is referenced.
WARNING: [Vivado 12-508] No pins matched 'get_pins -hierarchical -filter { NAME =~  "*ila_core_inst/u_ila_cap_ctrl/u_cap_addrgen/u_cap_sample_counter/u_scnt_cmp/allx_typeA_match_detection.ltlib_v1_0_0_allx_typeA_inst/DUT/I_WHOLE_SLICE.G_SLICE_IDX[*].U_ALL_SRL_SLICE/u_srl*/S*/CLK*"}'. [/home/vini/Documents/FPGA/GIF4202_Lab3/numero9/numero9.gen/sources_1/bd/numero8_block/ip/numero8_block_dvi2rgb_0_0/src/ila_timing_workaround.xdc:12]
WARNING: [Vivado 12-180] No cells matched 'get_cells -hierarchical -filter { NAME =~  "*ila_core_inst/u_ila_cap_ctrl/u_cap_addrgen/u_cap_sample_counter/u_scnt_cmp_q*" && IS_SEQUENTIAL }'. [/home/vini/Documents/FPGA/GIF4202_Lab3/numero9/numero9.gen/sources_1/bd/numero8_block/ip/numero8_block_dvi2rgb_0_0/src/ila_timing_workaround.xdc:12]
CRITICAL WARNING: [Vivado 12-4739] set_false_path:No valid object(s) found for '-from [get_pins -hierarchical -filter { NAME =~  "*ila_core_inst/u_ila_cap_ctrl/u_cap_addrgen/u_cap_sample_counter/u_scnt_cmp/allx_typeA_match_detection.ltlib_v1_0_0_allx_typeA_inst/DUT/I_WHOLE_SLICE.G_SLICE_IDX[*].U_ALL_SRL_SLICE/u_srl*/S*/CLK*"}]'. [/home/vini/Documents/FPGA/GIF4202_Lab3/numero9/numero9.gen/sources_1/bd/numero8_block/ip/numero8_block_dvi2rgb_0_0/src/ila_timing_workaround.xdc:12]
Resolution: Check if the specified object(s) exists in the current design. If it does, ensure that the correct design hierarchy was specified for the object. If you are working with clocks, make sure create_clock was used to create the clock object before it is referenced.
WARNING: [Vivado 12-508] No pins matched 'get_pins -hierarchical -filter { NAME =~  "*allx_typeA_match_detection.ltlib_v1_0_0_allx_typeA_inst/DUT/I_WHOLE_SLICE.G_SLICE_IDX[*].U_ALL_SRL_SLICE/u_srl*/S*/CLK"}'. [/home/vini/Documents/FPGA/GIF4202_Lab3/numero9/numero9.gen/sources_1/bd/numero8_block/ip/numero8_block_dvi2rgb_0_0/src/ila_timing_workaround.xdc:13]
WARNING: [Vivado 12-508] No pins matched 'get_pins -hierarchical -filter {NAME =~  "*allx_typeA_match_detection.ltlib_v1_0_0_allx_typeA_inst/DUT/I_WHOLE_SLICE.G_SLICE_IDX[*].U_ALL_SRL_SLICE/I_IS_TERMINATION_SLICE_W_OUTPUT_REG.DOUT_O_reg/D"}'. [/home/vini/Documents/FPGA/GIF4202_Lab3/numero9/numero9.gen/sources_1/bd/numero8_block/ip/numero8_block_dvi2rgb_0_0/src/ila_timing_workaround.xdc:13]
CRITICAL WARNING: [Vivado 12-4739] set_false_path:No valid object(s) found for '-from [get_pins -hierarchical -filter { NAME =~  "*allx_typeA_match_detection.ltlib_v1_0_0_allx_typeA_inst/DUT/I_WHOLE_SLICE.G_SLICE_IDX[*].U_ALL_SRL_SLICE/u_srl*/S*/CLK"}]'. [/home/vini/Documents/FPGA/GIF4202_Lab3/numero9/numero9.gen/sources_1/bd/numero8_block/ip/numero8_block_dvi2rgb_0_0/src/ila_timing_workaround.xdc:13]
Resolution: Check if the specified object(s) exists in the current design. If it does, ensure that the correct design hierarchy was specified for the object. If you are working with clocks, make sure create_clock was used to create the clock object before it is referenced.
Finished Parsing XDC File [/home/vini/Documents/FPGA/GIF4202_Lab3/numero9/numero9.gen/sources_1/bd/numero8_block/ip/numero8_block_dvi2rgb_0_0/src/ila_timing_workaround.xdc] for cell 'U0'
Completed Processing XDC Constraints

Netlist sorting complete. Time (s): cpu = 00:00:00 ; elapsed = 00:00:00 . Memory (MB): peak = 2392.664 ; gain = 0.000 ; free physical = 558 ; free virtual = 1047
INFO: [Project 1-111] Unisim Transformation Summary:
No Unisim elements were transformed.

Constraint Validation Runtime : Time (s): cpu = 00:00:00.02 ; elapsed = 00:00:00.02 . Memory (MB): peak = 2392.664 ; gain = 0.000 ; free physical = 557 ; free virtual = 1045
INFO: [Designutils 20-5008] Incremental synthesis strategy off
---------------------------------------------------------------------------------
Finished Constraint Validation : Time (s): cpu = 00:00:38 ; elapsed = 00:02:28 . Memory (MB): peak = 2392.664 ; gain = 739.457 ; free physical = 242 ; free virtual = 602
Synthesis current peak Physical Memory [PSS] (MB): peak = 1400.538; parent = 1287.694; children = 113.721
Synthesis current peak Virtual Memory [VSS] (MB): peak = 3385.555; parent = 2360.652; children = 1024.902
---------------------------------------------------------------------------------
---------------------------------------------------------------------------------
Start Loading Part and Timing Information
---------------------------------------------------------------------------------
Loading part: xc7z020clg400-1
---------------------------------------------------------------------------------
Finished Loading Part and Timing Information : Time (s): cpu = 00:00:38 ; elapsed = 00:02:28 . Memory (MB): peak = 2392.664 ; gain = 739.457 ; free physical = 239 ; free virtual = 599
Synthesis current peak Physical Memory [PSS] (MB): peak = 1400.538; parent = 1287.694; children = 113.721
Synthesis current peak Virtual Memory [VSS] (MB): peak = 3385.555; parent = 2360.652; children = 1024.902
---------------------------------------------------------------------------------
---------------------------------------------------------------------------------
Start Applying 'set_property' XDC Constraints
---------------------------------------------------------------------------------
Applied set_property KEEP_HIERARCHY = SOFT for U0. (constraint file  /home/vini/Documents/FPGA/GIF4202_Lab3/numero9/numero9.runs/numero8_block_dvi2rgb_0_0_synth_1/dont_touch.xdc, line 20).
---------------------------------------------------------------------------------
Finished applying 'set_property' XDC Constraints : Time (s): cpu = 00:00:38 ; elapsed = 00:02:28 . Memory (MB): peak = 2392.664 ; gain = 739.457 ; free physical = 233 ; free virtual = 598
Synthesis current peak Physical Memory [PSS] (MB): peak = 1400.538; parent = 1287.694; children = 113.721
Synthesis current peak Virtual Memory [VSS] (MB): peak = 3385.555; parent = 2360.652; children = 1024.902
---------------------------------------------------------------------------------
INFO: [Synth 8-802] inferred FSM for state register 'pState_reg' in module 'PhaseAlign'
INFO: [Synth 8-802] inferred FSM for state register 'state_reg' in module 'TWI_SlaveCtl'
INFO: [Synth 8-802] inferred FSM for state register 'sState_reg' in module 'EEPROM_8b'
---------------------------------------------------------------------------------------------------
                   State |                     New Encoding |                Previous Encoding 
---------------------------------------------------------------------------------------------------
*
                 resetst |                      00000000001 |                      00000000001
                  idlest |                      00000000010 |                      00000000010
                 tokenst |                      00000000100 |                      00000000100
               eyeopenst |                      00000001000 |                      00000001000
               jtrzonest |                      00000010000 |                      00000010000
                dlydecst |                      00010000000 |                      00010000000
          dlytstcenterst |                      00100000000 |                      00100000000
               alignedst |                      01000000000 |                      01000000000
                dlyincst |                      00000100000 |                      00000100000
             dlytstovfst |                      00001000000 |                      00001000000
            alignerrorst |                      10000000000 |                      10000000000
---------------------------------------------------------------------------------------------------
INFO: [Synth 8-3898] No Re-encoding of one hot register 'pState_reg' in module 'PhaseAlign'
---------------------------------------------------------------------------------------------------
                   State |                     New Encoding |                Previous Encoding 
---------------------------------------------------------------------------------------------------
                  stidle |                              000 |                              000
               staddress |                              011 |                              001
            stturnaround |                              110 |                              110
                  stsack |                              100 |                              100
                  stread |                              001 |                              010
                  stmack |                              010 |                              101
                 stwrite |                              111 |                              011
---------------------------------------------------------------------------------------------------
INFO: [Synth 8-3354] encoded FSM with state register 'state_reg' using encoding 'gray' in module 'TWI_SlaveCtl'
---------------------------------------------------------------------------------------------------
                   State |                     New Encoding |                Previous Encoding 
---------------------------------------------------------------------------------------------------
                  stidle |                             0001 |                               00
                  stread |                             0010 |                               01
            stregaddress |                             0100 |                               11
                 stwrite |                             1000 |                               10
---------------------------------------------------------------------------------------------------
INFO: [Synth 8-3354] encoded FSM with state register 'sState_reg' using encoding 'one-hot' in module 'EEPROM_8b'
---------------------------------------------------------------------------------
Finished RTL Optimization Phase 2 : Time (s): cpu = 00:00:40 ; elapsed = 00:02:29 . Memory (MB): peak = 2392.664 ; gain = 739.457 ; free physical = 261 ; free virtual = 522
Synthesis current peak Physical Memory [PSS] (MB): peak = 1400.538; parent = 1287.694; children = 113.721
Synthesis current peak Virtual Memory [VSS] (MB): peak = 3385.555; parent = 2360.652; children = 1024.902
---------------------------------------------------------------------------------
---------------------------------------------------------------------------------
Start RTL Component Statistics 
---------------------------------------------------------------------------------
---------------------------------------------------------------------------------
Finished RTL Component Statistics 
---------------------------------------------------------------------------------
---------------------------------------------------------------------------------
Start Part Resource Summary
---------------------------------------------------------------------------------
Part Resources:
DSPs: 220 (col length:60)
BRAMs: 280 (col length: RAMB18 60 RAMB36 30)
---------------------------------------------------------------------------------
Finished Part Resource Summary
---------------------------------------------------------------------------------
---------------------------------------------------------------------------------
Start Cross Boundary and Area Optimization
---------------------------------------------------------------------------------
WARNING: [Synth 8-7080] Parallel synthesis criteria is not met
WARNING: [Synth 8-7129] Port aRst_n in module dvi2rgb is either unconnected or has no load
WARNING: [Synth 8-7129] Port pRst_n in module dvi2rgb is either unconnected or has no load
---------------------------------------------------------------------------------
Finished Cross Boundary and Area Optimization : Time (s): cpu = 00:00:47 ; elapsed = 00:02:38 . Memory (MB): peak = 2392.664 ; gain = 739.457 ; free physical = 588 ; free virtual = 1018
Synthesis current peak Physical Memory [PSS] (MB): peak = 1400.538; parent = 1287.694; children = 113.721
Synthesis current peak Virtual Memory [VSS] (MB): peak = 3385.555; parent = 2360.652; children = 1024.902
---------------------------------------------------------------------------------
---------------------------------------------------------------------------------
Start Applying XDC Timing Constraints
---------------------------------------------------------------------------------
---------------------------------------------------------------------------------
Finished Applying XDC Timing Constraints : Time (s): cpu = 00:00:52 ; elapsed = 00:02:44 . Memory (MB): peak = 2392.664 ; gain = 739.457 ; free physical = 5432 ; free virtual = 6167
Synthesis current peak Physical Memory [PSS] (MB): peak = 1400.538; parent = 1287.694; children = 113.721
Synthesis current peak Virtual Memory [VSS] (MB): peak = 3385.555; parent = 2360.652; children = 1024.902
---------------------------------------------------------------------------------
---------------------------------------------------------------------------------
Start Timing Optimization
---------------------------------------------------------------------------------
---------------------------------------------------------------------------------
Finished Timing Optimization : Time (s): cpu = 00:00:53 ; elapsed = 00:02:44 . Memory (MB): peak = 2392.664 ; gain = 739.457 ; free physical = 5415 ; free virtual = 6150
Synthesis current peak Physical Memory [PSS] (MB): peak = 1400.538; parent = 1287.694; children = 113.721
Synthesis current peak Virtual Memory [VSS] (MB): peak = 3385.555; parent = 2360.652; children = 1024.902
---------------------------------------------------------------------------------
---------------------------------------------------------------------------------
Start Technology Mapping
---------------------------------------------------------------------------------
---------------------------------------------------------------------------------
Finished Technology Mapping : Time (s): cpu = 00:00:53 ; elapsed = 00:02:44 . Memory (MB): peak = 2392.664 ; gain = 739.457 ; free physical = 5386 ; free virtual = 6154
Synthesis current peak Physical Memory [PSS] (MB): peak = 1400.538; parent = 1287.694; children = 113.721
Synthesis current peak Virtual Memory [VSS] (MB): peak = 3385.555; parent = 2360.652; children = 1024.902
---------------------------------------------------------------------------------
---------------------------------------------------------------------------------
Start IO Insertion
---------------------------------------------------------------------------------
---------------------------------------------------------------------------------
Start Flattening Before IO Insertion
---------------------------------------------------------------------------------
---------------------------------------------------------------------------------
Finished Flattening Before IO Insertion
---------------------------------------------------------------------------------
---------------------------------------------------------------------------------
Start Final Netlist Cleanup
---------------------------------------------------------------------------------
---------------------------------------------------------------------------------
Finished Final Netlist Cleanup
---------------------------------------------------------------------------------
---------------------------------------------------------------------------------
Finished IO Insertion : Time (s): cpu = 00:00:57 ; elapsed = 00:02:48 . Memory (MB): peak = 2392.664 ; gain = 739.457 ; free physical = 8025 ; free virtual = 9059
Synthesis current peak Physical Memory [PSS] (MB): peak = 1400.538; parent = 1287.694; children = 113.721
Synthesis current peak Virtual Memory [VSS] (MB): peak = 3385.555; parent = 2360.652; children = 1024.902
---------------------------------------------------------------------------------
---------------------------------------------------------------------------------
Start Renaming Generated Instances
---------------------------------------------------------------------------------
---------------------------------------------------------------------------------
Finished Renaming Generated Instances : Time (s): cpu = 00:00:57 ; elapsed = 00:02:48 . Memory (MB): peak = 2392.664 ; gain = 739.457 ; free physical = 8009 ; free virtual = 9058
Synthesis current peak Physical Memory [PSS] (MB): peak = 1400.538; parent = 1287.694; children = 113.721
Synthesis current peak Virtual Memory [VSS] (MB): peak = 3385.555; parent = 2360.652; children = 1024.902
---------------------------------------------------------------------------------
---------------------------------------------------------------------------------
Start Rebuilding User Hierarchy
---------------------------------------------------------------------------------
---------------------------------------------------------------------------------
Finished Rebuilding User Hierarchy : Time (s): cpu = 00:00:57 ; elapsed = 00:02:48 . Memory (MB): peak = 2392.664 ; gain = 739.457 ; free physical = 7999 ; free virtual = 9059
Synthesis current peak Physical Memory [PSS] (MB): peak = 1400.538; parent = 1287.694; children = 113.721
Synthesis current peak Virtual Memory [VSS] (MB): peak = 3385.555; parent = 2360.652; children = 1024.902
---------------------------------------------------------------------------------
---------------------------------------------------------------------------------
Start Renaming Generated Ports
---------------------------------------------------------------------------------
---------------------------------------------------------------------------------
Finished Renaming Generated Ports : Time (s): cpu = 00:00:57 ; elapsed = 00:02:48 . Memory (MB): peak = 2392.664 ; gain = 739.457 ; free physical = 7998 ; free virtual = 9058
Synthesis current peak Physical Memory [PSS] (MB): peak = 1400.538; parent = 1287.694; children = 113.721
Synthesis current peak Virtual Memory [VSS] (MB): peak = 3385.555; parent = 2360.652; children = 1024.902
---------------------------------------------------------------------------------
---------------------------------------------------------------------------------
Start Handling Custom Attributes
---------------------------------------------------------------------------------
---------------------------------------------------------------------------------
Finished Handling Custom Attributes : Time (s): cpu = 00:00:57 ; elapsed = 00:02:48 . Memory (MB): peak = 2392.664 ; gain = 739.457 ; free physical = 7996 ; free virtual = 9059
Synthesis current peak Physical Memory [PSS] (MB): peak = 1400.538; parent = 1287.694; children = 113.721
Synthesis current peak Virtual Memory [VSS] (MB): peak = 3385.555; parent = 2360.652; children = 1024.902
---------------------------------------------------------------------------------
---------------------------------------------------------------------------------
Start Renaming Generated Nets
---------------------------------------------------------------------------------
---------------------------------------------------------------------------------
Finished Renaming Generated Nets : Time (s): cpu = 00:00:57 ; elapsed = 00:02:48 . Memory (MB): peak = 2392.664 ; gain = 739.457 ; free physical = 7996 ; free virtual = 9059
Synthesis current peak Physical Memory [PSS] (MB): peak = 1400.538; parent = 1287.694; children = 113.721
Synthesis current peak Virtual Memory [VSS] (MB): peak = 3385.555; parent = 2360.652; children = 1024.902
---------------------------------------------------------------------------------
---------------------------------------------------------------------------------
Start Writing Synthesis Report
---------------------------------------------------------------------------------

Report BlackBoxes: 
+-+--------------+----------+
| |BlackBox name |Instances |
+-+--------------+----------+
+-+--------------+----------+

Report Cell Usage: 
+------+-----------+------+
|      |Cell       |Count |
+------+-----------+------+
|1     |BUFG       |     1|
|2     |BUFIO      |     1|
|3     |BUFR       |     1|
|4     |CARRY4     |    18|
|5     |IDELAYCTRL |     1|
|6     |IDELAYE2   |     3|
|7     |ISERDESE2  |     6|
|9     |LUT1       |    24|
|10    |LUT2       |    58|
|11    |LUT3       |    77|
|12    |LUT4       |    74|
|13    |LUT5       |   100|
|14    |LUT6       |   156|
|15    |MMCME2_ADV |     1|
|16    |MUXF7      |    16|
|17    |MUXF8      |     8|
|18    |RAM32M     |     6|
|19    |FDCE       |    12|
|20    |FDPE       |    20|
|21    |FDRE       |   449|
|22    |FDSE       |    12|
|23    |IBUFDS     |     4|
+------+-----------+------+
---------------------------------------------------------------------------------
Finished Writing Synthesis Report : Time (s): cpu = 00:00:57 ; elapsed = 00:02:48 . Memory (MB): peak = 2392.664 ; gain = 739.457 ; free physical = 7994 ; free virtual = 9058
Synthesis current peak Physical Memory [PSS] (MB): peak = 1400.538; parent = 1287.694; children = 113.721
Synthesis current peak Virtual Memory [VSS] (MB): peak = 3385.555; parent = 2360.652; children = 1024.902
---------------------------------------------------------------------------------
Synthesis finished with 0 errors, 0 critical warnings and 3 warnings.
Synthesis Optimization Runtime : Time (s): cpu = 00:00:54 ; elapsed = 00:02:45 . Memory (MB): peak = 2392.664 ; gain = 660.582 ; free physical = 8043 ; free virtual = 9111
Synthesis Optimization Complete : Time (s): cpu = 00:00:57 ; elapsed = 00:02:49 . Memory (MB): peak = 2392.664 ; gain = 739.457 ; free physical = 8042 ; free virtual = 9112
INFO: [Project 1-571] Translating synthesized netlist
Netlist sorting complete. Time (s): cpu = 00:00:00 ; elapsed = 00:00:00 . Memory (MB): peak = 2392.664 ; gain = 0.000 ; free physical = 8145 ; free virtual = 9218
INFO: [Netlist 29-17] Analyzing 63 Unisim elements for replacement
INFO: [Netlist 29-28] Unisim Transformation completed in 0 CPU seconds
INFO: [Project 1-570] Preparing netlist for logic optimization
INFO: [Opt 31-138] Pushed 1 inverter(s) to 6 load pin(s).
Netlist sorting complete. Time (s): cpu = 00:00:00 ; elapsed = 00:00:00 . Memory (MB): peak = 2392.664 ; gain = 0.000 ; free physical = 8069 ; free virtual = 9155
INFO: [Project 1-111] Unisim Transformation Summary:
  A total of 6 instances were transformed.
  RAM32M => RAM32M (RAMD32(x6), RAMS32(x2)): 6 instances

Synth Design complete, checksum: 234092f4
INFO: [Common 17-83] Releasing license: Synthesis
178 Infos, 32 Warnings, 6 Critical Warnings and 0 Errors encountered.
synth_design completed successfully
synth_design: Time (s): cpu = 00:01:07 ; elapsed = 00:02:55 . Memory (MB): peak = 2392.664 ; gain = 1070.082 ; free physical = 8277 ; free virtual = 9365
INFO: [Common 17-1381] The checkpoint '/home/vini/Documents/FPGA/GIF4202_Lab3/numero9/numero9.runs/numero8_block_dvi2rgb_0_0_synth_1/numero8_block_dvi2rgb_0_0.dcp' has been generated.
INFO: [runtcl-6] Synthesis results are not added to the cache due to CRITICAL_WARNING
INFO: [Coretcl 2-1174] Renamed 42 cell refs.
INFO: [Common 17-1381] The checkpoint '/home/vini/Documents/FPGA/GIF4202_Lab3/numero9/numero9.runs/numero8_block_dvi2rgb_0_0_synth_1/numero8_block_dvi2rgb_0_0.dcp' has been generated.
INFO: [runtcl-4] Executing : report_utilization -file numero8_block_dvi2rgb_0_0_utilization_synth.rpt -pb numero8_block_dvi2rgb_0_0_utilization_synth.pb
INFO: [Common 17-206] Exiting Vivado at Mon Nov 14 15:42:03 2022...
