Copyright 1986-2022 Xilinx, Inc. All Rights Reserved.
-------------------------------------------------------------------------------------------------------------------------------------------------------------------------------------
| Tool Version     : Vivado v.2022.2 (lin64) Build 3671981 Fri Oct 14 04:59:54 MDT 2022
| Date             : Mon Nov 14 16:22:58 2022
| Host             : pop-os running 64-bit Pop!_OS 22.04 LTS
| Command          : report_power -file numero8_block_wrapper_power_routed.rpt -pb numero8_block_wrapper_power_summary_routed.pb -rpx numero8_block_wrapper_power_routed.rpx
| Design           : numero8_block_wrapper
| Device           : xc7z020clg400-1
| Design State     : routed
| Grade            : commercial
| Process          : typical
| Characterization : Production
-------------------------------------------------------------------------------------------------------------------------------------------------------------------------------------

Power Report

Table of Contents
-----------------
1. Summary
1.1 On-Chip Components
1.2 Power Supply Summary
1.3 Confidence Level
2. Settings
2.1 Environment
2.2 Clock Constraints
3. Detailed Reports
3.1 By Hierarchy

1. Summary
----------

+--------------------------+--------------+
| Total On-Chip Power (W)  | 1.944        |
| Design Power Budget (W)  | Unspecified* |
| Power Budget Margin (W)  | NA           |
| Dynamic (W)              | 1.792        |
| Device Static (W)        | 0.151        |
| Effective TJA (C/W)      | 11.5         |
| Max Ambient (C)          | 62.6         |
| Junction Temperature (C) | 47.4         |
| Confidence Level         | Low          |
| Setting File             | ---          |
| Simulation Activity File | ---          |
| Design Nets Matched      | NA           |
+--------------------------+--------------+
* Specify Design Power Budget using, set_operating_conditions -design_power_budget <value in Watts>


1.1 On-Chip Components
----------------------

+--------------------------+-----------+----------+-----------+-----------------+
| On-Chip                  | Power (W) | Used     | Available | Utilization (%) |
+--------------------------+-----------+----------+-----------+-----------------+
| Clocks                   |     0.006 |        6 |       --- |             --- |
| Slice Logic              |     0.002 |     2880 |       --- |             --- |
|   LUT as Logic           |     0.002 |      917 |     53200 |            1.72 |
|   Register               |    <0.001 |     1225 |    106400 |            1.15 |
|   CARRY4                 |    <0.001 |       36 |     13300 |            0.27 |
|   BUFG                   |    <0.001 |        4 |        32 |           12.50 |
|   LUT as Distributed RAM |    <0.001 |       24 |     17400 |            0.14 |
|   Others                 |    <0.001 |      288 |       --- |             --- |
|   F7/F8 Muxes            |    <0.001 |       24 |     53200 |            0.05 |
|   LUT as Shift Register  |    <0.001 |       60 |     17400 |            0.34 |
|   BUFR                   |     0.000 |        1 |        88 |            1.14 |
| Signals                  |     0.002 |     2038 |       --- |             --- |
| MMCM                     |     0.165 |        2 |         4 |           50.00 |
| PLL                      |     0.054 |        1 |         4 |           25.00 |
| I/O                      |     0.163 |       28 |       125 |           22.40 |
| PS7                      |     1.399 |        1 |       --- |             --- |
| Static Power             |     0.151 |          |           |                 |
| Total                    |     1.944 |          |           |                 |
+--------------------------+-----------+----------+-----------+-----------------+


1.2 Power Supply Summary
------------------------

+-----------+-------------+-----------+-------------+------------+-------------+-------------+------------+
| Source    | Voltage (V) | Total (A) | Dynamic (A) | Static (A) | Powerup (A) | Budget (A)  | Margin (A) |
+-----------+-------------+-----------+-------------+------------+-------------+-------------+------------+
| Vccint    |       1.000 |     0.032 |       0.015 |      0.017 |       NA    | Unspecified | NA         |
| Vccaux    |       1.800 |     0.154 |       0.137 |      0.016 |       NA    | Unspecified | NA         |
| Vcco33    |       3.300 |     0.041 |       0.040 |      0.001 |       NA    | Unspecified | NA         |
| Vcco25    |       2.500 |     0.000 |       0.000 |      0.000 |       NA    | Unspecified | NA         |
| Vcco18    |       1.800 |     0.000 |       0.000 |      0.000 |       NA    | Unspecified | NA         |
| Vcco15    |       1.500 |     0.000 |       0.000 |      0.000 |       NA    | Unspecified | NA         |
| Vcco135   |       1.350 |     0.000 |       0.000 |      0.000 |       NA    | Unspecified | NA         |
| Vcco12    |       1.200 |     0.000 |       0.000 |      0.000 |       NA    | Unspecified | NA         |
| Vccaux_io |       1.800 |     0.000 |       0.000 |      0.000 |       NA    | Unspecified | NA         |
| Vccbram   |       1.000 |     0.001 |       0.000 |      0.001 |       NA    | Unspecified | NA         |
| MGTAVcc   |       1.000 |     0.000 |       0.000 |      0.000 |       NA    | Unspecified | NA         |
| MGTAVtt   |       1.200 |     0.000 |       0.000 |      0.000 |       NA    | Unspecified | NA         |
| MGTVccaux |       1.800 |     0.000 |       0.000 |      0.000 |       NA    | Unspecified | NA         |
| Vccpint   |       1.000 |     0.750 |       0.717 |      0.033 |       NA    | Unspecified | NA         |
| Vccpaux   |       1.800 |     0.061 |       0.051 |      0.010 |       NA    | Unspecified | NA         |
| Vccpll    |       1.800 |     0.017 |       0.014 |      0.003 |       NA    | Unspecified | NA         |
| Vcco_ddr  |       1.350 |     0.413 |       0.411 |      0.002 |       NA    | Unspecified | NA         |
| Vcco_mio0 |       3.300 |     0.003 |       0.002 |      0.001 |       NA    | Unspecified | NA         |
| Vcco_mio1 |       1.800 |     0.003 |       0.002 |      0.001 |       NA    | Unspecified | NA         |
| Vccadc    |       1.800 |     0.020 |       0.000 |      0.020 |       NA    | Unspecified | NA         |
+-----------+-------------+-----------+-------------+------------+-------------+-------------+------------+


1.3 Confidence Level
--------------------

+-----------------------------+------------+--------------------------------------------------------+--------------------------------------------------------------------------------------------------------------------+
| User Input Data             | Confidence | Details                                                | Action                                                                                                             |
+-----------------------------+------------+--------------------------------------------------------+--------------------------------------------------------------------------------------------------------------------+
| Design implementation state | High       | Design is routed                                       |                                                                                                                    |
| Clock nodes activity        | Low        | User specified less than 75% of clocks                 | Provide missing clock activity with a constraint file, simulation results or by editing the "By Clock Domain" view |
| I/O nodes activity          | Low        | More than 75% of inputs are missing user specification | Provide missing input activity with simulation results or by editing the "By Resource Type -> I/Os" view           |
| Internal nodes activity     | Medium     | User specified less than 25% of internal nodes         | Provide missing internal nodes activity with simulation results or by editing the "By Resource Type" views         |
| Device models               | High       | Device models are Production                           |                                                                                                                    |
|                             |            |                                                        |                                                                                                                    |
| Overall confidence level    | Low        |                                                        |                                                                                                                    |
+-----------------------------+------------+--------------------------------------------------------+--------------------------------------------------------------------------------------------------------------------+


2. Settings
-----------

2.1 Environment
---------------

+-----------------------+------------------------+
| Ambient Temp (C)      | 25.0                   |
| ThetaJA (C/W)         | 11.5                   |
| Airflow (LFM)         | 250                    |
| Heat Sink             | none                   |
| ThetaSA (C/W)         | 0.0                    |
| Board Selection       | medium (10"x10")       |
| # of Board Layers     | 8to11 (8 to 11 Layers) |
| Board Temperature (C) | 25.0                   |
+-----------------------+------------------------+


2.2 Clock Constraints
---------------------

+------------------------------------+-------------------------------------------------------------------+-----------------+
| Clock                              | Domain                                                            | Constraint (ns) |
+------------------------------------+-------------------------------------------------------------------+-----------------+
| clk                                | clk                                                               |             8.0 |
| clk_fpga_0                         | numero8_block_i/processing_system7_0/inst/FCLK_CLK_unbuffered[0]  |            20.0 |
| clk_out1_numero8_block_clk_wiz_0_0 | numero8_block_i/clk_wiz_0/inst/clk_out1_numero8_block_clk_wiz_0_0 |             5.0 |
| clkfbout_numero8_block_clk_wiz_0_0 | numero8_block_i/clk_wiz_0/inst/clkfbout_numero8_block_clk_wiz_0_0 |             8.0 |
+------------------------------------+-------------------------------------------------------------------+-----------------+


3. Detailed Reports
-------------------

3.1 By Hierarchy
----------------

+--------------------------+-----------+
| Name                     | Power (W) |
+--------------------------+-----------+
| numero8_block_wrapper    |     1.792 |
|   numero8_block_i        |     1.792 |
|     axi_interconnect_0   |     0.002 |
|       s00_couplers       |     0.002 |
|     clk_wiz_0            |     0.108 |
|       inst               |     0.108 |
|     dvi2rgb_0            |     0.097 |
|       U0                 |     0.097 |
|     processing_system7_0 |     1.399 |
|       inst               |     1.399 |
|     rgb2dvi_0            |     0.186 |
|       U0                 |     0.186 |
+--------------------------+-----------+


