
*** Running vivado
    with args -log top_level.vds -m64 -product Vivado -mode batch -messageDb vivado.pb -notrace -source top_level.tcl


****** Vivado v2022.1 (64-bit)
  **** SW Build 3526262 on Mon Apr 18 15:47:01 MDT 2022
  **** IP Build 3524634 on Mon Apr 18 20:55:01 MDT 2022
    ** Copyright 1986-2022 Xilinx, Inc. All Rights Reserved.

source top_level.tcl -notrace
Command: read_checkpoint -auto_incremental -incremental /home/vini/Documents/FPGA/GIF4202_Lab3/numero5/numero5.srcs/utils_1/imports/synth_1/transmetteur_UART.dcp
INFO: [Vivado 12-5825] Read reference checkpoint from /home/vini/Documents/FPGA/GIF4202_Lab3/numero5/numero5.srcs/utils_1/imports/synth_1/transmetteur_UART.dcp for incremental synthesis
INFO: [Vivado 12-7989] Please ensure there are no constraint changes
Command: synth_design -top top_level -part xc7z020clg400-1
Starting synth_design
Attempting to get a license for feature 'Synthesis' and/or device 'xc7z020'
INFO: [Common 17-349] Got license for feature 'Synthesis' and/or device 'xc7z020'
INFO: [Vivado_Tcl 4-1810] synth_design options have changed between reference and incremental; A full resynthesis will be run
INFO: [Device 21-403] Loading part xc7z020clg400-1
INFO: [Synth 8-7079] Multithreading enabled for synth_design using a maximum of 4 processes.
INFO: [Synth 8-7078] Launching helper process for spawning children vivado processes
INFO: [Synth 8-7075] Helper process launched with PID 125089
---------------------------------------------------------------------------------
Starting RTL Elaboration : Time (s): cpu = 00:00:04 ; elapsed = 00:00:04 . Memory (MB): peak = 2619.766 ; gain = 0.000 ; free physical = 218 ; free virtual = 6537
---------------------------------------------------------------------------------
INFO: [Synth 8-638] synthesizing module 'top_level' [/home/vini/Documents/FPGA/GIF4202_Lab3/numero5/numero5.srcs/sources_1/new/top_level.vhd:42]
	Parameter baud_rate bound to: 9600 - type: integer 
INFO: [Synth 8-3491] module 'transmetteur_UART' declared at '/home/vini/Documents/FPGA/GIF4202_Lab3/numero5/numero5.srcs/sources_1/new/transmetteur_UART.vhd:34' bound to instance 'tx_uart' of component 'transmetteur_UART' [/home/vini/Documents/FPGA/GIF4202_Lab3/numero5/numero5.srcs/sources_1/new/top_level.vhd:63]
INFO: [Synth 8-638] synthesizing module 'transmetteur_UART' [/home/vini/Documents/FPGA/GIF4202_Lab3/numero5/numero5.srcs/sources_1/new/transmetteur_UART.vhd:45]
	Parameter baud_rate bound to: 9600 - type: integer 
	Parameter N bound to: 8 - type: integer 
INFO: [Synth 8-3491] module 'rdc_Nbits' declared at '/home/vini/Documents/FPGA/GIF4202_Lab3/numero5/numero5.srcs/sources_1/imports/new/rdc_load_Nbits.vhd:34' bound to instance 'rdc_12' of component 'rdc_Nbits' [/home/vini/Documents/FPGA/GIF4202_Lab3/numero5/numero5.srcs/sources_1/new/transmetteur_UART.vhd:99]
INFO: [Synth 8-638] synthesizing module 'rdc_Nbits' [/home/vini/Documents/FPGA/GIF4202_Lab3/numero5/numero5.srcs/sources_1/imports/new/rdc_load_Nbits.vhd:45]
	Parameter N bound to: 8 - type: integer 
INFO: [Synth 8-3491] module 'bit_register' declared at '/home/vini/Documents/FPGA/GIF4202_Lab3/numero5/numero5.srcs/sources_1/imports/new/bit_register.vhd:33' bound to instance 'reg_0' of component 'bit_register' [/home/vini/Documents/FPGA/GIF4202_Lab3/numero5/numero5.srcs/sources_1/imports/new/rdc_load_Nbits.vhd:65]
INFO: [Synth 8-638] synthesizing module 'bit_register' [/home/vini/Documents/FPGA/GIF4202_Lab3/numero5/numero5.srcs/sources_1/imports/new/bit_register.vhd:41]
INFO: [Synth 8-256] done synthesizing module 'bit_register' (0#1) [/home/vini/Documents/FPGA/GIF4202_Lab3/numero5/numero5.srcs/sources_1/imports/new/bit_register.vhd:41]
INFO: [Synth 8-3491] module 'multiplexer' declared at '/home/vini/Documents/FPGA/GIF4202_Lab3/numero5/numero5.srcs/sources_1/imports/new/multiplexer.vhd:34' bound to instance 'mux_0' of component 'multiplexer' [/home/vini/Documents/FPGA/GIF4202_Lab3/numero5/numero5.srcs/sources_1/imports/new/rdc_load_Nbits.vhd:66]
INFO: [Synth 8-638] synthesizing module 'multiplexer' [/home/vini/Documents/FPGA/GIF4202_Lab3/numero5/numero5.srcs/sources_1/imports/new/multiplexer.vhd:41]
INFO: [Synth 8-256] done synthesizing module 'multiplexer' (0#1) [/home/vini/Documents/FPGA/GIF4202_Lab3/numero5/numero5.srcs/sources_1/imports/new/multiplexer.vhd:41]
INFO: [Synth 8-3491] module 'bit_register' declared at '/home/vini/Documents/FPGA/GIF4202_Lab3/numero5/numero5.srcs/sources_1/imports/new/bit_register.vhd:33' bound to instance 'reg_i' of component 'bit_register' [/home/vini/Documents/FPGA/GIF4202_Lab3/numero5/numero5.srcs/sources_1/imports/new/rdc_load_Nbits.vhd:69]
INFO: [Synth 8-3491] module 'multiplexer' declared at '/home/vini/Documents/FPGA/GIF4202_Lab3/numero5/numero5.srcs/sources_1/imports/new/multiplexer.vhd:34' bound to instance 'mux_i' of component 'multiplexer' [/home/vini/Documents/FPGA/GIF4202_Lab3/numero5/numero5.srcs/sources_1/imports/new/rdc_load_Nbits.vhd:70]
INFO: [Synth 8-3491] module 'bit_register' declared at '/home/vini/Documents/FPGA/GIF4202_Lab3/numero5/numero5.srcs/sources_1/imports/new/bit_register.vhd:33' bound to instance 'reg_i' of component 'bit_register' [/home/vini/Documents/FPGA/GIF4202_Lab3/numero5/numero5.srcs/sources_1/imports/new/rdc_load_Nbits.vhd:69]
INFO: [Synth 8-3491] module 'multiplexer' declared at '/home/vini/Documents/FPGA/GIF4202_Lab3/numero5/numero5.srcs/sources_1/imports/new/multiplexer.vhd:34' bound to instance 'mux_i' of component 'multiplexer' [/home/vini/Documents/FPGA/GIF4202_Lab3/numero5/numero5.srcs/sources_1/imports/new/rdc_load_Nbits.vhd:70]
INFO: [Synth 8-3491] module 'bit_register' declared at '/home/vini/Documents/FPGA/GIF4202_Lab3/numero5/numero5.srcs/sources_1/imports/new/bit_register.vhd:33' bound to instance 'reg_i' of component 'bit_register' [/home/vini/Documents/FPGA/GIF4202_Lab3/numero5/numero5.srcs/sources_1/imports/new/rdc_load_Nbits.vhd:69]
INFO: [Synth 8-3491] module 'multiplexer' declared at '/home/vini/Documents/FPGA/GIF4202_Lab3/numero5/numero5.srcs/sources_1/imports/new/multiplexer.vhd:34' bound to instance 'mux_i' of component 'multiplexer' [/home/vini/Documents/FPGA/GIF4202_Lab3/numero5/numero5.srcs/sources_1/imports/new/rdc_load_Nbits.vhd:70]
INFO: [Synth 8-3491] module 'bit_register' declared at '/home/vini/Documents/FPGA/GIF4202_Lab3/numero5/numero5.srcs/sources_1/imports/new/bit_register.vhd:33' bound to instance 'reg_i' of component 'bit_register' [/home/vini/Documents/FPGA/GIF4202_Lab3/numero5/numero5.srcs/sources_1/imports/new/rdc_load_Nbits.vhd:69]
INFO: [Synth 8-3491] module 'multiplexer' declared at '/home/vini/Documents/FPGA/GIF4202_Lab3/numero5/numero5.srcs/sources_1/imports/new/multiplexer.vhd:34' bound to instance 'mux_i' of component 'multiplexer' [/home/vini/Documents/FPGA/GIF4202_Lab3/numero5/numero5.srcs/sources_1/imports/new/rdc_load_Nbits.vhd:70]
INFO: [Synth 8-3491] module 'bit_register' declared at '/home/vini/Documents/FPGA/GIF4202_Lab3/numero5/numero5.srcs/sources_1/imports/new/bit_register.vhd:33' bound to instance 'reg_i' of component 'bit_register' [/home/vini/Documents/FPGA/GIF4202_Lab3/numero5/numero5.srcs/sources_1/imports/new/rdc_load_Nbits.vhd:69]
INFO: [Synth 8-3491] module 'multiplexer' declared at '/home/vini/Documents/FPGA/GIF4202_Lab3/numero5/numero5.srcs/sources_1/imports/new/multiplexer.vhd:34' bound to instance 'mux_i' of component 'multiplexer' [/home/vini/Documents/FPGA/GIF4202_Lab3/numero5/numero5.srcs/sources_1/imports/new/rdc_load_Nbits.vhd:70]
INFO: [Synth 8-3491] module 'bit_register' declared at '/home/vini/Documents/FPGA/GIF4202_Lab3/numero5/numero5.srcs/sources_1/imports/new/bit_register.vhd:33' bound to instance 'reg_i' of component 'bit_register' [/home/vini/Documents/FPGA/GIF4202_Lab3/numero5/numero5.srcs/sources_1/imports/new/rdc_load_Nbits.vhd:69]
INFO: [Synth 8-3491] module 'multiplexer' declared at '/home/vini/Documents/FPGA/GIF4202_Lab3/numero5/numero5.srcs/sources_1/imports/new/multiplexer.vhd:34' bound to instance 'mux_i' of component 'multiplexer' [/home/vini/Documents/FPGA/GIF4202_Lab3/numero5/numero5.srcs/sources_1/imports/new/rdc_load_Nbits.vhd:70]
INFO: [Synth 8-3491] module 'bit_register' declared at '/home/vini/Documents/FPGA/GIF4202_Lab3/numero5/numero5.srcs/sources_1/imports/new/bit_register.vhd:33' bound to instance 'reg_i' of component 'bit_register' [/home/vini/Documents/FPGA/GIF4202_Lab3/numero5/numero5.srcs/sources_1/imports/new/rdc_load_Nbits.vhd:69]
INFO: [Synth 8-3491] module 'multiplexer' declared at '/home/vini/Documents/FPGA/GIF4202_Lab3/numero5/numero5.srcs/sources_1/imports/new/multiplexer.vhd:34' bound to instance 'mux_i' of component 'multiplexer' [/home/vini/Documents/FPGA/GIF4202_Lab3/numero5/numero5.srcs/sources_1/imports/new/rdc_load_Nbits.vhd:70]
INFO: [Synth 8-256] done synthesizing module 'rdc_Nbits' (0#1) [/home/vini/Documents/FPGA/GIF4202_Lab3/numero5/numero5.srcs/sources_1/imports/new/rdc_load_Nbits.vhd:45]
	Parameter in_count bound to: 13020 - type: integer 
INFO: [Synth 8-3491] module 'pulse_generator' declared at '/home/vini/Documents/FPGA/GIF4202_Lab3/numero5/numero5.srcs/sources_1/new/pulse_generator.vhd:35' bound to instance 'pulse_gen' of component 'pulse_generator' [/home/vini/Documents/FPGA/GIF4202_Lab3/numero5/numero5.srcs/sources_1/new/transmetteur_UART.vhd:103]
INFO: [Synth 8-638] synthesizing module 'pulse_generator' [/home/vini/Documents/FPGA/GIF4202_Lab3/numero5/numero5.srcs/sources_1/new/pulse_generator.vhd:45]
	Parameter in_count bound to: 13020 - type: integer 
INFO: [Synth 8-256] done synthesizing module 'pulse_generator' (0#1) [/home/vini/Documents/FPGA/GIF4202_Lab3/numero5/numero5.srcs/sources_1/new/pulse_generator.vhd:45]
INFO: [Synth 8-3491] module 'counter' declared at '/home/vini/Documents/FPGA/GIF4202_Lab3/numero5/numero5.srcs/sources_1/new/counter.vhd:34' bound to instance 'bit_counter' of component 'counter' [/home/vini/Documents/FPGA/GIF4202_Lab3/numero5/numero5.srcs/sources_1/new/transmetteur_UART.vhd:107]
INFO: [Synth 8-638] synthesizing module 'counter' [/home/vini/Documents/FPGA/GIF4202_Lab3/numero5/numero5.srcs/sources_1/new/counter.vhd:41]
INFO: [Synth 8-3491] module 'u7_adder' declared at '/home/vini/Documents/FPGA/GIF4202_Lab3/numero5/numero5.srcs/sources_1/new/u7_adder.vhd:34' bound to instance 'adder_1' of component 'u7_adder' [/home/vini/Documents/FPGA/GIF4202_Lab3/numero5/numero5.srcs/sources_1/new/counter.vhd:63]
INFO: [Synth 8-638] synthesizing module 'u7_adder' [/home/vini/Documents/FPGA/GIF4202_Lab3/numero5/numero5.srcs/sources_1/new/u7_adder.vhd:41]
INFO: [Synth 8-3491] module 'bit_adder' declared at '/home/vini/Documents/FPGA/GIF4202_Lab3/numero5/numero5.srcs/sources_1/new/adder.vhd:34' bound to instance 'bit_adder_0' of component 'bit_adder' [/home/vini/Documents/FPGA/GIF4202_Lab3/numero5/numero5.srcs/sources_1/new/u7_adder.vhd:52]
INFO: [Synth 8-638] synthesizing module 'bit_adder' [/home/vini/Documents/FPGA/GIF4202_Lab3/numero5/numero5.srcs/sources_1/new/adder.vhd:41]
INFO: [Synth 8-256] done synthesizing module 'bit_adder' (0#1) [/home/vini/Documents/FPGA/GIF4202_Lab3/numero5/numero5.srcs/sources_1/new/adder.vhd:41]
INFO: [Synth 8-3491] module 'bit_adder' declared at '/home/vini/Documents/FPGA/GIF4202_Lab3/numero5/numero5.srcs/sources_1/new/adder.vhd:34' bound to instance 'bit_adder_1' of component 'bit_adder' [/home/vini/Documents/FPGA/GIF4202_Lab3/numero5/numero5.srcs/sources_1/new/u7_adder.vhd:60]
INFO: [Synth 8-3491] module 'bit_adder' declared at '/home/vini/Documents/FPGA/GIF4202_Lab3/numero5/numero5.srcs/sources_1/new/adder.vhd:34' bound to instance 'bit_adder_2' of component 'bit_adder' [/home/vini/Documents/FPGA/GIF4202_Lab3/numero5/numero5.srcs/sources_1/new/u7_adder.vhd:68]
INFO: [Synth 8-3491] module 'bit_adder' declared at '/home/vini/Documents/FPGA/GIF4202_Lab3/numero5/numero5.srcs/sources_1/new/adder.vhd:34' bound to instance 'bit_adder_3' of component 'bit_adder' [/home/vini/Documents/FPGA/GIF4202_Lab3/numero5/numero5.srcs/sources_1/new/u7_adder.vhd:76]
INFO: [Synth 8-3491] module 'bit_adder' declared at '/home/vini/Documents/FPGA/GIF4202_Lab3/numero5/numero5.srcs/sources_1/new/adder.vhd:34' bound to instance 'bit_adder_4' of component 'bit_adder' [/home/vini/Documents/FPGA/GIF4202_Lab3/numero5/numero5.srcs/sources_1/new/u7_adder.vhd:84]
INFO: [Synth 8-3491] module 'bit_adder' declared at '/home/vini/Documents/FPGA/GIF4202_Lab3/numero5/numero5.srcs/sources_1/new/adder.vhd:34' bound to instance 'bit_adder_5' of component 'bit_adder' [/home/vini/Documents/FPGA/GIF4202_Lab3/numero5/numero5.srcs/sources_1/new/u7_adder.vhd:92]
INFO: [Synth 8-3491] module 'bit_adder' declared at '/home/vini/Documents/FPGA/GIF4202_Lab3/numero5/numero5.srcs/sources_1/new/adder.vhd:34' bound to instance 'bit_adder_6' of component 'bit_adder' [/home/vini/Documents/FPGA/GIF4202_Lab3/numero5/numero5.srcs/sources_1/new/u7_adder.vhd:100]
INFO: [Synth 8-256] done synthesizing module 'u7_adder' (0#1) [/home/vini/Documents/FPGA/GIF4202_Lab3/numero5/numero5.srcs/sources_1/new/u7_adder.vhd:41]
INFO: [Synth 8-3491] module 'u7_adder' declared at '/home/vini/Documents/FPGA/GIF4202_Lab3/numero5/numero5.srcs/sources_1/new/u7_adder.vhd:34' bound to instance 'adder_2' of component 'u7_adder' [/home/vini/Documents/FPGA/GIF4202_Lab3/numero5/numero5.srcs/sources_1/new/counter.vhd:64]
INFO: [Synth 8-3491] module 'bit_register' declared at '/home/vini/Documents/FPGA/GIF4202_Lab3/numero5/numero5.srcs/sources_1/imports/new/bit_register.vhd:33' bound to instance 'reg0' of component 'bit_register' [/home/vini/Documents/FPGA/GIF4202_Lab3/numero5/numero5.srcs/sources_1/new/counter.vhd:66]
INFO: [Synth 8-3491] module 'bit_register' declared at '/home/vini/Documents/FPGA/GIF4202_Lab3/numero5/numero5.srcs/sources_1/imports/new/bit_register.vhd:33' bound to instance 'reg1' of component 'bit_register' [/home/vini/Documents/FPGA/GIF4202_Lab3/numero5/numero5.srcs/sources_1/new/counter.vhd:67]
INFO: [Synth 8-3491] module 'bit_register' declared at '/home/vini/Documents/FPGA/GIF4202_Lab3/numero5/numero5.srcs/sources_1/imports/new/bit_register.vhd:33' bound to instance 'reg2' of component 'bit_register' [/home/vini/Documents/FPGA/GIF4202_Lab3/numero5/numero5.srcs/sources_1/new/counter.vhd:68]
INFO: [Synth 8-3491] module 'bit_register' declared at '/home/vini/Documents/FPGA/GIF4202_Lab3/numero5/numero5.srcs/sources_1/imports/new/bit_register.vhd:33' bound to instance 'reg3' of component 'bit_register' [/home/vini/Documents/FPGA/GIF4202_Lab3/numero5/numero5.srcs/sources_1/new/counter.vhd:69]
INFO: [Synth 8-3491] module 'bit_register' declared at '/home/vini/Documents/FPGA/GIF4202_Lab3/numero5/numero5.srcs/sources_1/imports/new/bit_register.vhd:33' bound to instance 'reg4' of component 'bit_register' [/home/vini/Documents/FPGA/GIF4202_Lab3/numero5/numero5.srcs/sources_1/new/counter.vhd:70]
INFO: [Synth 8-3491] module 'bit_register' declared at '/home/vini/Documents/FPGA/GIF4202_Lab3/numero5/numero5.srcs/sources_1/imports/new/bit_register.vhd:33' bound to instance 'reg5' of component 'bit_register' [/home/vini/Documents/FPGA/GIF4202_Lab3/numero5/numero5.srcs/sources_1/new/counter.vhd:71]
INFO: [Synth 8-3491] module 'bit_register' declared at '/home/vini/Documents/FPGA/GIF4202_Lab3/numero5/numero5.srcs/sources_1/imports/new/bit_register.vhd:33' bound to instance 'reg6' of component 'bit_register' [/home/vini/Documents/FPGA/GIF4202_Lab3/numero5/numero5.srcs/sources_1/new/counter.vhd:72]
INFO: [Synth 8-3491] module 'bit_register' declared at '/home/vini/Documents/FPGA/GIF4202_Lab3/numero5/numero5.srcs/sources_1/imports/new/bit_register.vhd:33' bound to instance 'reg7' of component 'bit_register' [/home/vini/Documents/FPGA/GIF4202_Lab3/numero5/numero5.srcs/sources_1/new/counter.vhd:73]
INFO: [Synth 8-256] done synthesizing module 'counter' (0#1) [/home/vini/Documents/FPGA/GIF4202_Lab3/numero5/numero5.srcs/sources_1/new/counter.vhd:41]
INFO: [Synth 8-256] done synthesizing module 'transmetteur_UART' (0#1) [/home/vini/Documents/FPGA/GIF4202_Lab3/numero5/numero5.srcs/sources_1/new/transmetteur_UART.vhd:45]
INFO: [Synth 8-256] done synthesizing module 'top_level' (0#1) [/home/vini/Documents/FPGA/GIF4202_Lab3/numero5/numero5.srcs/sources_1/new/top_level.vhd:42]
---------------------------------------------------------------------------------
Finished RTL Elaboration : Time (s): cpu = 00:00:05 ; elapsed = 00:00:05 . Memory (MB): peak = 2619.766 ; gain = 0.000 ; free physical = 1338 ; free virtual = 7622
---------------------------------------------------------------------------------
---------------------------------------------------------------------------------
Start Handling Custom Attributes
---------------------------------------------------------------------------------
---------------------------------------------------------------------------------
Finished Handling Custom Attributes : Time (s): cpu = 00:00:05 ; elapsed = 00:00:05 . Memory (MB): peak = 2619.766 ; gain = 0.000 ; free physical = 1342 ; free virtual = 7626
---------------------------------------------------------------------------------
---------------------------------------------------------------------------------
Finished RTL Optimization Phase 1 : Time (s): cpu = 00:00:05 ; elapsed = 00:00:05 . Memory (MB): peak = 2619.766 ; gain = 0.000 ; free physical = 1342 ; free virtual = 7626
---------------------------------------------------------------------------------
Netlist sorting complete. Time (s): cpu = 00:00:00 ; elapsed = 00:00:00 . Memory (MB): peak = 2619.766 ; gain = 0.000 ; free physical = 1338 ; free virtual = 7623
INFO: [Project 1-570] Preparing netlist for logic optimization

Processing XDC Constraints
Initializing timing engine
Parsing XDC File [/home/vini/Documents/FPGA/GIF4202_Lab3/numero5/numero5.srcs/constrs_1/new/num6_constraints.xdc]
Finished Parsing XDC File [/home/vini/Documents/FPGA/GIF4202_Lab3/numero5/numero5.srcs/constrs_1/new/num6_constraints.xdc]
INFO: [Project 1-236] Implementation specific constraints were found while reading constraint file [/home/vini/Documents/FPGA/GIF4202_Lab3/numero5/numero5.srcs/constrs_1/new/num6_constraints.xdc]. These constraints will be ignored for synthesis but will be used in implementation. Impacted constraints are listed in the file [.Xil/top_level_propImpl.xdc].
Resolution: To avoid this warning, move constraints listed in [.Xil/top_level_propImpl.xdc] to another XDC file and exclude this new file from synthesis with the used_in_synthesis property (File Properties dialog in GUI) and re-run elaboration/synthesis.
Completed Processing XDC Constraints

Netlist sorting complete. Time (s): cpu = 00:00:00 ; elapsed = 00:00:00 . Memory (MB): peak = 2683.797 ; gain = 0.000 ; free physical = 1253 ; free virtual = 7537
INFO: [Project 1-111] Unisim Transformation Summary:
No Unisim elements were transformed.

Constraint Validation Runtime : Time (s): cpu = 00:00:00 ; elapsed = 00:00:00 . Memory (MB): peak = 2683.797 ; gain = 0.000 ; free physical = 1253 ; free virtual = 7537
---------------------------------------------------------------------------------
Finished Constraint Validation : Time (s): cpu = 00:00:11 ; elapsed = 00:00:11 . Memory (MB): peak = 2683.797 ; gain = 64.031 ; free physical = 1322 ; free virtual = 7607
---------------------------------------------------------------------------------
---------------------------------------------------------------------------------
Start Loading Part and Timing Information
---------------------------------------------------------------------------------
Loading part: xc7z020clg400-1
---------------------------------------------------------------------------------
Finished Loading Part and Timing Information : Time (s): cpu = 00:00:11 ; elapsed = 00:00:11 . Memory (MB): peak = 2683.797 ; gain = 64.031 ; free physical = 1322 ; free virtual = 7607
---------------------------------------------------------------------------------
---------------------------------------------------------------------------------
Start Applying 'set_property' XDC Constraints
---------------------------------------------------------------------------------
---------------------------------------------------------------------------------
Finished applying 'set_property' XDC Constraints : Time (s): cpu = 00:00:11 ; elapsed = 00:00:12 . Memory (MB): peak = 2683.797 ; gain = 64.031 ; free physical = 1322 ; free virtual = 7607
---------------------------------------------------------------------------------
---------------------------------------------------------------------------------
Start Preparing Guide Design
---------------------------------------------------------------------------------
---------------------------------------------------------------------------------
Finished Doing Graph Differ : Time (s): cpu = 00:00:11 ; elapsed = 00:00:12 . Memory (MB): peak = 2683.797 ; gain = 64.031 ; free physical = 1325 ; free virtual = 7611
---------------------------------------------------------------------------------
---------------------------------------------------------------------------------
Finished Preparing Guide Design : Time (s): cpu = 00:00:11 ; elapsed = 00:00:12 . Memory (MB): peak = 2683.797 ; gain = 64.031 ; free physical = 1325 ; free virtual = 7611
---------------------------------------------------------------------------------
INFO: [Synth 8-802] inferred FSM for state register 'current_state_reg' in module 'transmetteur_UART'
---------------------------------------------------------------------------------------------------
                   State |                     New Encoding |                Previous Encoding 
---------------------------------------------------------------------------------------------------
              idle_state |                          0000001 |                              000
             start_state |                          0000010 |                              001
              load_state |                          0000100 |                              010
         start_bit_state |                          0001000 |                              011
         data_bits_state |                          0010000 |                              100
           end_bit_state |                          0100000 |                              101
               end_state |                          1000000 |                              110
---------------------------------------------------------------------------------------------------
INFO: [Synth 8-3354] encoded FSM with state register 'current_state_reg' using encoding 'one-hot' in module 'transmetteur_UART'
---------------------------------------------------------------------------------
Finished RTL Optimization Phase 2 : Time (s): cpu = 00:00:11 ; elapsed = 00:00:12 . Memory (MB): peak = 2683.797 ; gain = 64.031 ; free physical = 1312 ; free virtual = 7598
---------------------------------------------------------------------------------


Incremental Synthesis Report Summary:

1. Incremental synthesis run: no

   Reason for not running incremental synthesis : synth_design options have changed between reference and incremental


INFO: [Synth 8-7130] Flow is switching to default flow due to incremental criteria not met. If you would like to alter this behaviour and have the flow terminate instead, please set the following parameter config_implementation {autoIncr.Synth.RejectBehavior Terminate}
---------------------------------------------------------------------------------
Start RTL Component Statistics 
---------------------------------------------------------------------------------
Detailed RTL Component Info : 
+---Adders : 
	   2 Input   32 Bit       Adders := 1     
+---XORs : 
	   3 Input      1 Bit         XORs := 1     
+---Registers : 
	               32 Bit    Registers := 1     
	                1 Bit    Registers := 17    
+---Muxes : 
	   2 Input   32 Bit        Muxes := 1     
	   7 Input    7 Bit        Muxes := 1     
	   2 Input    7 Bit        Muxes := 6     
	   2 Input    1 Bit        Muxes := 8     
	   7 Input    1 Bit        Muxes := 6     
---------------------------------------------------------------------------------
Finished RTL Component Statistics 
---------------------------------------------------------------------------------
---------------------------------------------------------------------------------
Start Part Resource Summary
---------------------------------------------------------------------------------
Part Resources:
DSPs: 220 (col length:60)
BRAMs: 280 (col length: RAMB18 60 RAMB36 30)
---------------------------------------------------------------------------------
Finished Part Resource Summary
---------------------------------------------------------------------------------
---------------------------------------------------------------------------------
Start Cross Boundary and Area Optimization
---------------------------------------------------------------------------------
WARNING: [Synth 8-7080] Parallel synthesis criteria is not met
---------------------------------------------------------------------------------
Finished Cross Boundary and Area Optimization : Time (s): cpu = 00:00:13 ; elapsed = 00:00:13 . Memory (MB): peak = 2683.797 ; gain = 64.031 ; free physical = 1311 ; free virtual = 7600
---------------------------------------------------------------------------------
---------------------------------------------------------------------------------
Start Applying XDC Timing Constraints
---------------------------------------------------------------------------------
---------------------------------------------------------------------------------
Finished Applying XDC Timing Constraints : Time (s): cpu = 00:00:17 ; elapsed = 00:00:18 . Memory (MB): peak = 2683.797 ; gain = 64.031 ; free physical = 1187 ; free virtual = 7476
---------------------------------------------------------------------------------
---------------------------------------------------------------------------------
Start Timing Optimization
---------------------------------------------------------------------------------
---------------------------------------------------------------------------------
Finished Timing Optimization : Time (s): cpu = 00:00:17 ; elapsed = 00:00:18 . Memory (MB): peak = 2683.797 ; gain = 64.031 ; free physical = 1180 ; free virtual = 7469
---------------------------------------------------------------------------------
---------------------------------------------------------------------------------
Start Technology Mapping
---------------------------------------------------------------------------------
---------------------------------------------------------------------------------
Finished Technology Mapping : Time (s): cpu = 00:00:17 ; elapsed = 00:00:18 . Memory (MB): peak = 2683.797 ; gain = 64.031 ; free physical = 1181 ; free virtual = 7470
---------------------------------------------------------------------------------
---------------------------------------------------------------------------------
Start IO Insertion
---------------------------------------------------------------------------------
---------------------------------------------------------------------------------
Start Flattening Before IO Insertion
---------------------------------------------------------------------------------
---------------------------------------------------------------------------------
Finished Flattening Before IO Insertion
---------------------------------------------------------------------------------
---------------------------------------------------------------------------------
Start Final Netlist Cleanup
---------------------------------------------------------------------------------
---------------------------------------------------------------------------------
Finished Final Netlist Cleanup
---------------------------------------------------------------------------------
---------------------------------------------------------------------------------
Finished IO Insertion : Time (s): cpu = 00:00:21 ; elapsed = 00:00:22 . Memory (MB): peak = 2683.797 ; gain = 64.031 ; free physical = 1174 ; free virtual = 7466
---------------------------------------------------------------------------------
---------------------------------------------------------------------------------
Start Renaming Generated Instances
---------------------------------------------------------------------------------
---------------------------------------------------------------------------------
Finished Renaming Generated Instances : Time (s): cpu = 00:00:21 ; elapsed = 00:00:22 . Memory (MB): peak = 2683.797 ; gain = 64.031 ; free physical = 1174 ; free virtual = 7466
---------------------------------------------------------------------------------
---------------------------------------------------------------------------------
Start Rebuilding User Hierarchy
---------------------------------------------------------------------------------
---------------------------------------------------------------------------------
Finished Rebuilding User Hierarchy : Time (s): cpu = 00:00:21 ; elapsed = 00:00:22 . Memory (MB): peak = 2683.797 ; gain = 64.031 ; free physical = 1173 ; free virtual = 7465
---------------------------------------------------------------------------------
---------------------------------------------------------------------------------
Start Renaming Generated Ports
---------------------------------------------------------------------------------
---------------------------------------------------------------------------------
Finished Renaming Generated Ports : Time (s): cpu = 00:00:21 ; elapsed = 00:00:22 . Memory (MB): peak = 2683.797 ; gain = 64.031 ; free physical = 1173 ; free virtual = 7464
---------------------------------------------------------------------------------
---------------------------------------------------------------------------------
Start Handling Custom Attributes
---------------------------------------------------------------------------------
---------------------------------------------------------------------------------
Finished Handling Custom Attributes : Time (s): cpu = 00:00:21 ; elapsed = 00:00:22 . Memory (MB): peak = 2683.797 ; gain = 64.031 ; free physical = 1174 ; free virtual = 7466
---------------------------------------------------------------------------------
---------------------------------------------------------------------------------
Start Renaming Generated Nets
---------------------------------------------------------------------------------
---------------------------------------------------------------------------------
Finished Renaming Generated Nets : Time (s): cpu = 00:00:21 ; elapsed = 00:00:22 . Memory (MB): peak = 2683.797 ; gain = 64.031 ; free physical = 1174 ; free virtual = 7466
---------------------------------------------------------------------------------
---------------------------------------------------------------------------------
Start Writing Synthesis Report
---------------------------------------------------------------------------------

Report BlackBoxes: 
+-+--------------+----------+
| |BlackBox name |Instances |
+-+--------------+----------+
+-+--------------+----------+

Report Cell Usage: 
+------+-------+------+
|      |Cell   |Count |
+------+-------+------+
|1     |BUFG   |     1|
|2     |CARRY4 |     8|
|3     |LUT1   |     1|
|4     |LUT2   |     6|
|5     |LUT3   |     8|
|6     |LUT4   |    13|
|7     |LUT5   |    39|
|8     |LUT6   |     7|
|9     |FDCE   |    53|
|10    |FDPE   |     1|
|11    |IBUF   |     9|
|12    |OBUF   |     3|
+------+-------+------+
---------------------------------------------------------------------------------
Finished Writing Synthesis Report : Time (s): cpu = 00:00:21 ; elapsed = 00:00:22 . Memory (MB): peak = 2683.797 ; gain = 64.031 ; free physical = 1174 ; free virtual = 7466
---------------------------------------------------------------------------------
Synthesis finished with 0 errors, 0 critical warnings and 1 warnings.
Synthesis Optimization Runtime : Time (s): cpu = 00:00:19 ; elapsed = 00:00:20 . Memory (MB): peak = 2683.797 ; gain = 0.000 ; free physical = 1225 ; free virtual = 7517
Synthesis Optimization Complete : Time (s): cpu = 00:00:21 ; elapsed = 00:00:22 . Memory (MB): peak = 2683.797 ; gain = 64.031 ; free physical = 1225 ; free virtual = 7517
INFO: [Project 1-571] Translating synthesized netlist
Netlist sorting complete. Time (s): cpu = 00:00:00 ; elapsed = 00:00:00 . Memory (MB): peak = 2683.797 ; gain = 0.000 ; free physical = 1309 ; free virtual = 7601
INFO: [Netlist 29-17] Analyzing 8 Unisim elements for replacement
INFO: [Netlist 29-28] Unisim Transformation completed in 5 CPU seconds
INFO: [Project 1-570] Preparing netlist for logic optimization
INFO: [Opt 31-138] Pushed 0 inverter(s) to 0 load pin(s).
Netlist sorting complete. Time (s): cpu = 00:00:00 ; elapsed = 00:00:00 . Memory (MB): peak = 2683.797 ; gain = 0.000 ; free physical = 1248 ; free virtual = 7540
INFO: [Project 1-111] Unisim Transformation Summary:
No Unisim elements were transformed.

Synth Design complete, checksum: c9b7a7fe
INFO: [Common 17-83] Releasing license: Synthesis
76 Infos, 1 Warnings, 0 Critical Warnings and 0 Errors encountered.
synth_design completed successfully
synth_design: Time (s): cpu = 00:00:29 ; elapsed = 00:00:26 . Memory (MB): peak = 2683.797 ; gain = 64.031 ; free physical = 1459 ; free virtual = 7751
INFO: [Common 17-1381] The checkpoint '/home/vini/Documents/FPGA/GIF4202_Lab3/numero5/numero5.runs/synth_1/top_level.dcp' has been generated.
INFO: [runtcl-4] Executing : report_utilization -file top_level_utilization_synth.rpt -pb top_level_utilization_synth.pb
INFO: [Common 17-206] Exiting Vivado at Thu Nov 10 15:21:21 2022...
